TN:
SF:src/App.tsx
FN:24,(anonymous_0)
FNF:1
FNH:0
FNDA:0,(anonymous_0)
DA:24,0
LF:1
LH:0
BRF:0
BRH:0
end_of_record
TN:
SF:src/components/DashboardLayout.tsx
FN:97,NavGroupSection
FN:111,(anonymous_1)
FN:125,(anonymous_2)
FN:130,(anonymous_3)
FN:159,SearchDialog
FN:170,(anonymous_5)
FN:174,(anonymous_6)
FN:176,(anonymous_7)
FN:180,(anonymous_8)
FN:185,(anonymous_9)
FN:187,(anonymous_10)
FN:206,(anonymous_11)
FN:220,(anonymous_12)
FN:223,(anonymous_13)
FN:240,DashboardLayout
FN:249,(anonymous_15)
FN:254,(anonymous_16)
FN:260,(anonymous_17)
FN:266,(anonymous_18)
FN:267,(anonymous_19)
FN:270,(anonymous_20)
FN:274,(anonymous_21)
FN:278,(anonymous_22)
FN:289,(anonymous_23)
FN:304,(anonymous_24)
FN:314,(anonymous_25)
FN:327,(anonymous_26)
FN:379,(anonymous_27)
FN:392,(anonymous_28)
FN:421,(anonymous_29)
FNF:30
FNH:0
FNDA:0,NavGroupSection
FNDA:0,(anonymous_1)
FNDA:0,(anonymous_2)
FNDA:0,(anonymous_3)
FNDA:0,SearchDialog
FNDA:0,(anonymous_5)
FNDA:0,(anonymous_6)
FNDA:0,(anonymous_7)
FNDA:0,(anonymous_8)
FNDA:0,(anonymous_9)
FNDA:0,(anonymous_10)
FNDA:0,(anonymous_11)
FNDA:0,(anonymous_12)
FNDA:0,(anonymous_13)
FNDA:0,DashboardLayout
FNDA:0,(anonymous_15)
FNDA:0,(anonymous_16)
FNDA:0,(anonymous_17)
FNDA:0,(anonymous_18)
FNDA:0,(anonymous_19)
FNDA:0,(anonymous_20)
FNDA:0,(anonymous_21)
FNDA:0,(anonymous_22)
FNDA:0,(anonymous_23)
FNDA:0,(anonymous_24)
FNDA:0,(anonymous_25)
FNDA:0,(anonymous_26)
FNDA:0,(anonymous_27)
FNDA:0,(anonymous_28)
FNDA:0,(anonymous_29)
DA:29,0
DA:77,0
DA:106,0
DA:108,0
DA:111,0
DA:126,0
DA:127,0
DA:130,0
DA:168,0
DA:170,0
DA:171,0
DA:174,0
DA:175,0
DA:176,0
DA:177,0
DA:179,0
DA:180,0
DA:183,0
DA:185,0
DA:186,0
DA:188,0
DA:192,0
DA:206,0
DA:220,0
DA:223,0
DA:241,0
DA:242,0
DA:243,0
DA:244,0
DA:246,0
DA:249,0
DA:250,0
DA:254,0
DA:255,0
DA:256,0
DA:258,0
DA:260,0
DA:261,0
DA:266,0
DA:267,0
DA:268,0
DA:269,0
DA:270,0
DA:273,0
DA:274,0
DA:277,0
DA:279,0
DA:280,0
DA:282,0
DA:288,0
DA:290,0
DA:291,0
DA:296,0
DA:304,0
DA:314,0
DA:327,0
DA:360,0
DA:379,0
DA:392,0
DA:421,0
LF:60
LH:0
BRDA:106,0,0,0
BRDA:106,0,1,0
BRDA:117,1,0,0
BRDA:117,1,1,0
BRDA:123,2,0,0
BRDA:123,2,1,0
BRDA:126,3,0,0
BRDA:126,3,1,0
BRDA:133,4,0,0
BRDA:133,4,1,0
BRDA:140,5,0,0
BRDA:140,5,1,0
BRDA:143,6,0,0
BRDA:143,6,1,0
BRDA:171,7,0,0
BRDA:171,7,1,0
BRDA:175,8,0,0
BRDA:175,8,1,0
BRDA:177,9,0,0
BRDA:177,9,1,0
BRDA:183,10,0,0
BRDA:183,10,1,0
BRDA:186,11,0,0
BRDA:186,11,1,0
BRDA:215,12,0,0
BRDA:215,12,1,0
BRDA:246,13,0,0
BRDA:246,13,1,0
BRDA:255,14,0,0
BRDA:255,14,1,0
BRDA:268,15,0,0
BRDA:268,15,1,0
BRDA:268,16,0,0
BRDA:268,16,1,0
BRDA:268,16,2,0
BRDA:279,17,0,0
BRDA:279,17,1,0
BRDA:375,18,0,0
BRDA:375,18,1,0
BRF:39
BRH:0
end_of_record
TN:
SF:src/components/ui/AsciiBox.tsx
FN:21,AsciiBox
FNF:1
FNH:1
FNDA:782,AsciiBox
DA:3,15
DA:29,782
LF:2
LH:2
BRDA:26,0,0,782
BRDA:27,1,0,782
BRDA:36,2,0,504
BRDA:36,2,1,278
BRDA:44,3,0,782
BRDA:44,3,1,0
BRF:6
BRH:5
end_of_record
TN:
SF:src/components/ui/DataVizComponents.tsx
FN:39,TrendMonitor
FN:49,(anonymous_1)
FN:51,(anonymous_2)
FN:60,(anonymous_3)
FN:63,(anonymous_4)
FN:67,(anonymous_5)
FN:72,(anonymous_6)
FN:75,(anonymous_7)
FN:95,(anonymous_8)
FN:104,(anonymous_9)
FN:109,(anonymous_10)
FN:112,(anonymous_11)
FN:129,(anonymous_12)
FN:132,(anonymous_13)
FN:133,(anonymous_14)
FN:140,(anonymous_15)
FN:168,(anonymous_16)
FN:189,(anonymous_17)
FN:191,(anonymous_18)
FN:200,(anonymous_19)
FN:207,(anonymous_20)
FN:210,(anonymous_21)
FN:213,(anonymous_22)
FN:250,(anonymous_23)
FN:289,(anonymous_24)
FN:310,(anonymous_25)
FN:375,(anonymous_26)
FN:435,parseUtcDate
FN:446,addUtcDays
FN:450,diffUtcDays
FN:457,getWeekStart
FN:464,buildMonthMarkers
FN:492,formatTokenValue
FN:503,ActivityHeatmap
FN:515,(anonymous_34)
FN:518,(anonymous_35)
FN:527,(anonymous_36)
FN:536,(anonymous_37)
FN:547,(anonymous_38)
FN:550,(anonymous_39)
FN:587,(anonymous_40)
FN:588,(anonymous_41)
FN:608,(anonymous_42)
FN:624,(anonymous_43)
FN:632,(anonymous_44)
FN:633,(anonymous_45)
FN:676,(anonymous_46)
FN:710,ArchiveHeatmap
FN:749,TrendChart
FN:755,(anonymous_49)
FN:772,(anonymous_50)
FNF:51
FNH:36
FNDA:31,TrendMonitor
FNDA:0,(anonymous_1)
FNDA:0,(anonymous_2)
FNDA:0,(anonymous_3)
FNDA:0,(anonymous_4)
FNDA:228,(anonymous_5)
FNDA:228,(anonymous_6)
FNDA:228,(anonymous_7)
FNDA:124,(anonymous_8)
FNDA:0,(anonymous_9)
FNDA:31,(anonymous_10)
FNDA:228,(anonymous_11)
FNDA:31,(anonymous_12)
FNDA:31,(anonymous_13)
FNDA:7,(anonymous_14)
FNDA:24,(anonymous_15)
FNDA:31,(anonymous_16)
FNDA:31,(anonymous_17)
FNDA:31,(anonymous_18)
FNDA:0,(anonymous_19)
FNDA:0,(anonymous_20)
FNDA:31,(anonymous_21)
FNDA:0,(anonymous_22)
FNDA:0,(anonymous_23)
FNDA:31,(anonymous_24)
FNDA:7,(anonymous_25)
FNDA:155,(anonymous_26)
FNDA:12,parseUtcDate
FNDA:24,addUtcDays
FNDA:144,diffUtcDays
FNDA:12,getWeekStart
FNDA:12,buildMonthMarkers
FNDA:12,formatTokenValue
FNDA:12,ActivityHeatmap
FNDA:12,(anonymous_34)
FNDA:12,(anonymous_35)
FNDA:12,(anonymous_36)
FNDA:0,(anonymous_37)
FNDA:0,(anonymous_38)
FNDA:0,(anonymous_39)
FNDA:0,(anonymous_40)
FNDA:0,(anonymous_41)
FNDA:12,(anonymous_42)
FNDA:84,(anonymous_43)
FNDA:12,(anonymous_44)
FNDA:12,(anonymous_45)
FNDA:60,(anonymous_46)
FNDA:0,ArchiveHeatmap
FNDA:12,TrendChart
FNDA:36,(anonymous_49)
FNDA:36,(anonymous_50)
DA:48,31
DA:49,31
DA:50,31
DA:52,0
DA:53,0
DA:54,0
DA:55,0
DA:56,0
DA:59,31
DA:60,0
DA:62,31
DA:63,0
DA:67,228
DA:72,228
DA:73,31
DA:74,31
DA:75,228
DA:78,31
DA:79,31
DA:80,31
DA:81,31
DA:82,31
DA:83,31
DA:84,31
DA:85,31
DA:86,31
DA:87,31
DA:88,31
DA:89,31
DA:90,31
DA:91,31
DA:92,31
DA:93,31
DA:95,31
DA:96,124
DA:97,124
DA:98,124
DA:99,124
DA:100,124
DA:101,51
DA:104,31
DA:105,0
DA:106,0
DA:109,31
DA:110,31
DA:111,31
DA:112,31
DA:113,228
DA:114,0
DA:115,0
DA:116,0
DA:118,0
DA:120,228
DA:121,228
DA:122,228
DA:123,228
DA:125,31
DA:126,31
DA:129,31
DA:130,31
DA:131,31
DA:132,31
DA:134,7
DA:135,7
DA:136,7
DA:140,31
DA:141,24
DA:142,24
DA:143,0
DA:144,0
DA:146,24
DA:147,0
DA:148,0
DA:151,24
DA:152,24
DA:153,197
DA:154,197
DA:155,197
DA:156,197
DA:158,197
DA:159,197
DA:160,197
DA:161,197
DA:163,197
DA:165,24
DA:168,31
DA:169,31
DA:170,0
DA:172,31
DA:175,31
DA:176,31
DA:177,31
DA:189,31
DA:190,31
DA:191,31
DA:192,31
DA:193,31
DA:194,31
DA:195,31
DA:196,31
DA:197,31
DA:198,0
DA:199,0
DA:200,0
DA:202,31
DA:203,31
DA:204,0
DA:205,0
DA:206,0
DA:207,0
DA:209,31
DA:210,31
DA:213,31
DA:214,0
DA:215,0
DA:216,0
DA:217,0
DA:218,0
DA:219,0
DA:220,0
DA:221,0
DA:222,0
DA:223,0
DA:224,0
DA:225,0
DA:226,0
DA:227,0
DA:228,0
DA:229,0
DA:231,0
DA:232,0
DA:233,0
DA:234,0
DA:235,0
DA:236,0
DA:237,0
DA:250,31
DA:251,0
DA:254,31
DA:290,31
DA:291,24
DA:292,24
DA:293,24
DA:294,24
DA:295,24
DA:310,7
DA:375,155
DA:427,6
DA:428,6
DA:429,6
DA:430,6
DA:431,6
DA:432,6
DA:433,6
DA:436,12
DA:437,12
DA:438,12
DA:439,12
DA:440,12
DA:441,12
DA:442,12
DA:443,12
DA:447,24
DA:452,144
DA:454,144
DA:458,12
DA:459,12
DA:460,12
DA:461,12
DA:465,12
DA:466,12
DA:467,12
DA:468,12
DA:469,12
DA:470,12
DA:471,144
DA:474,12
DA:475,12
DA:477,12
DA:478,12
DA:479,12
DA:480,144
DA:481,144
DA:482,12
DA:483,12
DA:484,12
DA:489,12
DA:493,12
DA:494,12
DA:496,0
DA:497,0
DA:498,0
DA:500,0
DA:510,12
DA:511,12
DA:512,12
DA:514,12
DA:515,12
DA:518,12
DA:519,12
DA:520,12
DA:523,12
DA:524,12
DA:525,12
DA:527,12
DA:528,12
DA:529,12
DA:530,12
DA:531,12
DA:532,12
DA:533,12
DA:536,0
DA:537,0
DA:538,0
DA:539,0
DA:540,0
DA:541,0
DA:543,0
DA:544,0
DA:547,0
DA:550,12
DA:551,0
DA:552,0
DA:553,0
DA:554,0
DA:555,0
DA:559,12
DA:560,0
DA:563,12
DA:569,12
DA:575,12
DA:582,12
DA:584,12
DA:587,0
DA:588,0
DA:608,12
DA:624,84
DA:633,12
DA:634,12
DA:635,12
DA:636,0
DA:645,12
DA:646,12
DA:647,12
DA:648,12
DA:649,12
DA:651,12
DA:676,60
DA:718,0
DA:720,0
DA:755,36
DA:756,12
DA:758,12
DA:759,0
DA:762,12
DA:764,12
DA:772,36
LF:257
LH:183
BRDA:41,0,0,31
BRDA:42,1,0,31
BRDA:43,2,0,31
BRDA:46,3,0,31
BRDA:48,4,0,0
BRDA:48,4,1,31
BRDA:48,5,0,31
BRDA:48,5,1,0
BRDA:49,6,0,31
BRDA:49,6,1,0
BRDA:50,7,0,0
BRDA:50,7,1,31
BRDA:52,8,0,0
BRDA:52,8,1,0
BRDA:52,9,0,0
BRDA:52,9,1,0
BRDA:53,10,0,0
BRDA:53,10,1,0
BRDA:53,10,2,0
BRDA:54,11,0,0
BRDA:54,11,1,0
BRDA:56,12,0,0
BRDA:56,12,1,0
BRDA:59,13,0,0
BRDA:59,13,1,31
BRDA:60,14,0,0
BRDA:60,14,1,0
BRDA:60,14,2,0
BRDA:60,14,3,0
BRDA:60,14,4,0
BRDA:62,15,0,0
BRDA:62,15,1,31
BRDA:73,16,0,31
BRDA:73,16,1,0
BRDA:74,17,0,31
BRDA:74,17,1,0
BRDA:85,18,0,31
BRDA:85,18,1,0
BRDA:87,19,0,24
BRDA:87,19,1,7
BRDA:89,20,0,24
BRDA:89,20,1,7
BRDA:96,21,0,124
BRDA:96,21,1,0
BRDA:98,22,0,0
BRDA:98,22,1,124
BRDA:98,23,0,0
BRDA:98,23,1,0
BRDA:99,24,0,0
BRDA:99,24,1,124
BRDA:99,25,0,0
BRDA:99,25,1,0
BRDA:100,26,0,73
BRDA:100,26,1,51
BRDA:100,27,0,21
BRDA:100,27,1,52
BRDA:105,28,0,0
BRDA:105,28,1,0
BRDA:113,29,0,0
BRDA:113,29,1,228
BRDA:114,30,0,0
BRDA:114,30,1,0
BRDA:120,31,0,221
BRDA:120,31,1,7
BRDA:121,32,0,228
BRDA:121,32,1,0
BRDA:125,33,0,31
BRDA:125,33,1,0
BRDA:130,34,0,0
BRDA:130,34,1,31
BRDA:141,35,0,0
BRDA:141,35,1,24
BRDA:141,36,0,24
BRDA:141,36,1,24
BRDA:142,37,0,0
BRDA:142,37,1,24
BRDA:146,38,0,0
BRDA:146,38,1,24
BRDA:169,39,0,0
BRDA:169,39,1,31
BRDA:190,40,0,0
BRDA:190,40,1,31
BRDA:194,41,0,0
BRDA:194,41,1,31
BRDA:194,42,0,31
BRDA:194,42,1,31
BRDA:197,43,0,31
BRDA:197,43,1,0
BRDA:200,44,0,0
BRDA:200,44,1,0
BRDA:203,45,0,0
BRDA:203,45,1,31
BRDA:205,46,0,0
BRDA:205,46,1,0
BRDA:206,47,0,0
BRDA:206,47,1,0
BRDA:215,48,0,0
BRDA:215,48,1,0
BRDA:215,49,0,0
BRDA:215,49,1,0
BRDA:217,50,0,0
BRDA:217,50,1,0
BRDA:220,51,0,0
BRDA:220,51,1,0
BRDA:224,52,0,0
BRDA:224,52,1,0
BRDA:226,53,0,0
BRDA:226,53,1,0
BRDA:227,54,0,0
BRDA:227,54,1,0
BRDA:232,55,0,0
BRDA:232,55,1,0
BRDA:233,56,0,0
BRDA:233,56,1,0
BRDA:234,57,0,0
BRDA:234,57,1,0
BRDA:235,58,0,0
BRDA:235,58,1,0
BRDA:290,59,0,7
BRDA:290,59,1,24
BRDA:341,60,0,31
BRDA:341,60,1,0
BRDA:363,61,0,0
BRDA:363,61,1,0
BRDA:363,61,2,0
BRDA:364,62,0,0
BRDA:364,62,1,0
BRDA:378,63,0,31
BRDA:378,63,1,124
BRDA:437,64,0,0
BRDA:437,64,1,12
BRDA:442,65,0,0
BRDA:442,65,1,12
BRDA:458,66,0,12
BRDA:458,66,1,0
BRDA:465,67,0,0
BRDA:465,67,1,12
BRDA:466,68,0,12
BRDA:466,68,1,0
BRDA:467,69,0,0
BRDA:467,69,1,12
BRDA:481,70,0,132
BRDA:481,70,1,12
BRDA:481,71,0,144
BRDA:481,71,1,12
BRDA:482,72,0,0
BRDA:482,72,1,12
BRDA:493,73,0,12
BRDA:493,73,1,0
BRDA:494,74,0,12
BRDA:494,74,1,0
BRDA:496,75,0,0
BRDA:496,75,1,0
BRDA:498,76,0,0
BRDA:498,76,1,0
BRDA:507,77,0,12
BRDA:508,78,0,12
BRDA:510,79,0,12
BRDA:510,79,1,0
BRDA:511,80,0,12
BRDA:511,80,1,0
BRDA:512,81,0,12
BRDA:512,81,1,0
BRDA:519,82,0,0
BRDA:519,82,1,12
BRDA:520,83,0,12
BRDA:520,83,1,0
BRDA:529,84,0,0
BRDA:529,84,1,12
BRDA:529,85,0,12
BRDA:529,85,1,12
BRDA:530,86,0,0
BRDA:530,86,1,12
BRDA:531,87,0,12
BRDA:531,87,1,0
BRDA:539,88,0,0
BRDA:539,88,1,0
BRDA:539,89,0,0
BRDA:539,89,1,0
BRDA:539,89,2,0
BRDA:552,90,0,0
BRDA:552,90,1,0
BRDA:553,91,0,0
BRDA:553,91,1,0
BRDA:559,92,0,0
BRDA:559,92,1,12
BRDA:633,93,0,12
BRDA:633,93,1,0
BRDA:634,94,0,12
BRDA:634,94,1,0
BRDA:635,95,0,0
BRDA:635,95,1,12
BRDA:645,96,0,12
BRDA:645,96,1,0
BRDA:646,97,0,12
BRDA:646,97,1,0
BRDA:647,98,0,0
BRDA:647,98,1,12
BRDA:648,99,0,12
BRDA:648,99,1,12
BRDA:648,99,2,12
BRDA:649,100,0,12
BRDA:649,100,1,0
BRDA:649,100,2,0
BRDA:649,100,3,0
BRDA:671,101,0,12
BRDA:671,101,1,12
BRDA:683,102,0,12
BRDA:683,102,1,48
BRDA:690,103,0,12
BRDA:690,103,1,12
BRDA:712,104,0,0
BRDA:714,105,0,0
BRDA:716,106,0,0
BRDA:718,107,0,0
BRDA:718,107,1,0
BRDA:724,108,0,0
BRDA:724,108,1,0
BRDA:727,109,0,0
BRDA:727,109,1,0
BRDA:730,110,0,0
BRDA:730,110,1,0
BRDA:751,111,0,12
BRDA:752,112,0,12
BRDA:753,113,0,12
BRDA:755,114,0,12
BRDA:755,114,1,0
BRDA:755,115,0,36
BRDA:755,115,1,0
BRDA:758,116,0,0
BRDA:758,116,1,12
BRF:231
BRH:95
end_of_record
TN:
SF:src/components/ui/MatrixButton.tsx
FN:26,MatrixButton
FNF:1
FNH:1
FNDA:135,MatrixButton
DA:36,135
DA:43,135
DA:50,135
DA:52,135
DA:54,135
LF:5
LH:5
BRDA:27,0,0,135
BRDA:29,1,0,135
BRDA:30,2,0,135
BRDA:31,3,0,135
BRDA:32,4,0,135
BRDA:36,5,0,0
BRDA:36,5,1,135
BRDA:38,6,0,48
BRDA:38,6,1,87
BRDA:43,7,0,0
BRDA:43,7,1,135
BRDA:45,8,0,12
BRDA:45,8,1,123
BRDA:52,9,0,24
BRDA:52,9,1,111
BRDA:57,10,0,135
BRDA:57,10,1,123
BRDA:60,11,0,12
BRDA:60,11,1,123
BRF:19
BRH:17
end_of_record
TN:
SF:src/components/ui/MatrixExtras.tsx
FN:7,hashCode
FN:23,MatrixAvatar
FN:30,(anonymous_2)
FN:31,(anonymous_3)
FN:70,(anonymous_4)
FN:104,scrambleValue
FN:108,(anonymous_6)
FN:112,ScrambleText
FN:123,(anonymous_8)
FN:128,(anonymous_9)
FN:146,(anonymous_10)
FN:161,(anonymous_11)
FN:172,(anonymous_12)
FN:184,(anonymous_13)
FN:203,DecodingText
FN:204,(anonymous_15)
FN:207,(anonymous_16)
FN:215,(anonymous_17)
FN:216,(anonymous_18)
FN:220,(anonymous_19)
FN:231,(anonymous_20)
FN:247,SignalBox
FN:273,MatrixInput
FN:301,TypewriterText
FN:312,(anonymous_24)
FN:314,(anonymous_25)
FN:325,(anonymous_26)
FN:329,(anonymous_27)
FN:331,(anonymous_28)
FN:336,(anonymous_29)
FN:338,(anonymous_30)
FN:371,ConnectionStatus
FN:374,(anonymous_32)
FN:376,(anonymous_33)
FN:379,(anonymous_34)
FN:415,DataRow
FN:441,LeaderboardRow
FN:482,LiveSniffer
FN:484,(anonymous_38)
FN:498,(anonymous_39)
FN:500,(anonymous_40)
FN:501,(anonymous_41)
FN:504,(anonymous_42)
FN:509,(anonymous_43)
FN:530,Sparkline
FN:540,(anonymous_45)
FN:546,(anonymous_46)
FN:566,MatrixRain
FN:569,(anonymous_48)
FN:595,(anonymous_49)
FN:606,(anonymous_50)
FN:613,(anonymous_51)
FN:618,(anonymous_52)
FN:633,(anonymous_53)
FN:643,(anonymous_54)
FN:649,(anonymous_55)
FN:654,(anonymous_56)
FN:669,(anonymous_57)
FN:694,BootScreen
FNF:59
FNH:37
FNDA:192,hashCode
FNDA:192,MatrixAvatar
FNDA:192,(anonymous_2)
FNDA:192,(anonymous_3)
FNDA:2520,(anonymous_4)
FNDA:168,scrambleValue
FNDA:1176,(anonymous_6)
FNDA:180,ScrambleText
FNDA:96,(anonymous_8)
FNDA:96,(anonymous_9)
FNDA:0,(anonymous_10)
FNDA:0,(anonymous_11)
FNDA:0,(anonymous_12)
FNDA:96,(anonymous_13)
FNDA:24,DecodingText
FNDA:24,(anonymous_15)
FNDA:24,(anonymous_16)
FNDA:0,(anonymous_17)
FNDA:0,(anonymous_18)
FNDA:0,(anonymous_19)
FNDA:24,(anonymous_20)
FNDA:12,SignalBox
FNDA:28,MatrixInput
FNDA:12,TypewriterText
FNDA:12,(anonymous_24)
FNDA:12,(anonymous_25)
FNDA:0,(anonymous_26)
FNDA:0,(anonymous_27)
FNDA:0,(anonymous_28)
FNDA:0,(anonymous_29)
FNDA:12,(anonymous_30)
FNDA:72,ConnectionStatus
FNDA:72,(anonymous_32)
FNDA:0,(anonymous_33)
FNDA:24,(anonymous_34)
FNDA:56,DataRow
FNDA:60,LeaderboardRow
FNDA:12,LiveSniffer
FNDA:12,(anonymous_38)
FNDA:12,(anonymous_39)
FNDA:0,(anonymous_40)
FNDA:0,(anonymous_41)
FNDA:12,(anonymous_42)
FNDA:24,(anonymous_43)
FNDA:54,Sparkline
FNDA:406,(anonymous_45)
FNDA:406,(anonymous_46)
FNDA:12,MatrixRain
FNDA:12,(anonymous_48)
FNDA:0,(anonymous_49)
FNDA:0,(anonymous_50)
FNDA:0,(anonymous_51)
FNDA:0,(anonymous_52)
FNDA:0,(anonymous_53)
FNDA:0,(anonymous_54)
FNDA:0,(anonymous_55)
FNDA:0,(anonymous_56)
FNDA:0,(anonymous_57)
FNDA:12,BootScreen
DA:8,192
DA:9,192
DA:10,1188
DA:12,192
DA:30,192
DA:31,192
DA:32,192
DA:33,192
DA:34,2880
DA:36,192
DA:39,192
DA:40,192
DA:46,192
DA:47,24
DA:57,168
DA:71,2520
DA:72,1404
DA:73,1404
DA:74,1404
DA:90,5
DA:105,168
DA:106,168
DA:108,1176
DA:123,180
DA:124,96
DA:125,84
DA:128,180
DA:129,96
DA:130,0
DA:131,0
DA:134,96
DA:135,96
DA:136,96
DA:137,96
DA:138,96
DA:139,96
DA:140,96
DA:142,96
DA:143,84
DA:146,96
DA:147,0
DA:148,0
DA:149,0
DA:150,0
DA:151,0
DA:152,0
DA:154,0
DA:156,0
DA:157,0
DA:159,0
DA:162,0
DA:163,0
DA:167,0
DA:169,0
DA:170,0
DA:171,0
DA:172,0
DA:173,0
DA:174,0
DA:175,0
DA:178,0
DA:182,96
DA:184,96
DA:185,96
DA:186,96
DA:187,96
DA:191,180
DA:204,24
DA:205,24
DA:207,24
DA:208,24
DA:209,24
DA:211,24
DA:212,24
DA:213,24
DA:214,24
DA:215,24
DA:216,0
DA:217,0
DA:218,0
DA:221,0
DA:222,0
DA:227,0
DA:228,0
DA:231,24
DA:234,24
DA:248,12
DA:274,28
DA:312,12
DA:314,12
DA:315,12
DA:316,0
DA:317,0
DA:320,12
DA:321,12
DA:322,12
DA:323,12
DA:325,12
DA:326,0
DA:327,0
DA:328,0
DA:329,0
DA:330,0
DA:331,0
DA:335,12
DA:336,12
DA:338,12
DA:339,12
DA:340,12
DA:344,12
DA:346,12
DA:372,72
DA:374,72
DA:375,72
DA:376,24
DA:377,0
DA:379,24
DA:382,72
DA:388,72
DA:390,72
DA:416,56
DA:450,60
DA:451,60
DA:452,60
DA:453,60
DA:454,60
DA:456,60
DA:483,12
DA:484,12
DA:496,12
DA:498,12
DA:499,12
DA:500,12
DA:501,0
DA:502,0
DA:504,12
DA:507,12
DA:509,24
DA:531,54
DA:532,54
DA:534,54
DA:535,54
DA:536,54
DA:537,54
DA:538,54
DA:540,54
DA:541,406
DA:542,406
DA:543,406
DA:546,406
DA:548,54
DA:567,12
DA:569,12
DA:570,12
DA:571,12
DA:572,12
DA:573,12
DA:575,0
DA:586,0
DA:587,0
DA:588,0
DA:589,0
DA:590,0
DA:591,0
DA:592,0
DA:593,0
DA:595,0
DA:596,0
DA:597,0
DA:598,0
DA:599,0
DA:600,0
DA:601,0
DA:603,0
DA:604,0
DA:605,0
DA:606,0
DA:608,0
DA:609,0
DA:610,0
DA:613,0
DA:614,0
DA:615,0
DA:618,0
DA:619,0
DA:620,0
DA:622,0
DA:623,0
DA:624,0
DA:625,0
DA:626,0
DA:627,0
DA:629,0
DA:633,0
DA:634,0
DA:635,0
DA:636,0
DA:637,0
DA:638,0
DA:640,0
DA:643,0
DA:644,0
DA:645,0
DA:646,0
DA:649,0
DA:650,0
DA:651,0
DA:654,0
DA:655,0
DA:656,0
DA:657,0
DA:658,0
DA:660,0
DA:664,0
DA:665,0
DA:667,0
DA:668,0
DA:669,0
DA:670,0
DA:671,0
DA:672,0
DA:673,0
DA:677,12
DA:695,12
DA:696,12
DA:705,12
LF:226
LH:120
BRDA:24,0,0,192
BRDA:25,1,0,192
BRDA:26,2,0,192
BRDA:27,3,0,192
BRDA:28,4,0,192
BRDA:30,5,0,192
BRDA:30,5,1,0
BRDA:39,6,0,24
BRDA:39,6,1,168
BRDA:39,7,0,36
BRDA:39,7,1,132
BRDA:40,8,0,24
BRDA:40,8,1,168
BRDA:42,9,0,36
BRDA:42,9,1,132
BRDA:46,10,0,24
BRDA:46,10,1,168
BRDA:61,11,0,36
BRDA:61,11,1,132
BRDA:66,12,0,192
BRDA:66,12,1,36
BRDA:71,13,0,1116
BRDA:71,13,1,1404
BRDA:77,14,0,1404
BRDA:77,14,1,912
BRDA:105,15,0,168
BRDA:105,15,1,0
BRDA:105,16,0,168
BRDA:105,16,1,168
BRDA:108,17,0,0
BRDA:108,17,1,1176
BRDA:114,18,0,180
BRDA:115,19,0,180
BRDA:116,20,0,180
BRDA:117,21,0,180
BRDA:118,22,0,180
BRDA:119,23,0,180
BRDA:120,24,0,180
BRDA:121,25,0,180
BRDA:124,26,0,12
BRDA:124,26,1,84
BRDA:124,27,0,96
BRDA:124,27,1,96
BRDA:124,27,2,84
BRDA:124,28,0,12
BRDA:124,28,1,0
BRDA:129,29,0,0
BRDA:129,29,1,96
BRDA:129,30,0,96
BRDA:129,30,1,96
BRDA:130,31,0,0
BRDA:130,31,1,0
BRDA:134,32,0,96
BRDA:134,32,1,0
BRDA:134,33,0,96
BRDA:134,33,1,96
BRDA:135,34,0,96
BRDA:135,34,1,0
BRDA:142,35,0,84
BRDA:142,35,1,12
BRDA:147,36,0,0
BRDA:147,36,1,0
BRDA:148,37,0,0
BRDA:148,37,1,0
BRDA:150,38,0,0
BRDA:150,38,1,0
BRDA:156,39,0,0
BRDA:156,39,1,0
BRDA:162,40,0,0
BRDA:162,40,1,0
BRDA:169,41,0,0
BRDA:169,41,1,0
BRDA:171,42,0,0
BRDA:171,42,1,0
BRDA:186,43,0,96
BRDA:186,43,1,0
BRDA:187,44,0,0
BRDA:187,44,1,96
BRDA:203,45,0,24
BRDA:203,46,0,24
BRDA:204,47,0,24
BRDA:204,47,1,0
BRDA:208,48,0,24
BRDA:208,48,1,0
BRDA:209,49,0,0
BRDA:209,49,1,24
BRDA:221,50,0,0
BRDA:221,50,1,0
BRDA:227,51,0,0
BRDA:227,51,1,0
BRDA:247,52,0,12
BRDA:247,53,0,12
BRDA:273,54,0,28
BRDA:303,55,0,12
BRDA:304,56,0,12
BRDA:305,57,0,12
BRDA:306,58,0,12
BRDA:307,59,0,12
BRDA:308,60,0,12
BRDA:309,61,0,12
BRDA:310,62,0,12
BRDA:312,63,0,0
BRDA:312,63,1,12
BRDA:312,64,0,12
BRDA:312,64,1,12
BRDA:315,65,0,0
BRDA:315,65,1,12
BRDA:315,66,0,12
BRDA:315,66,1,12
BRDA:316,67,0,0
BRDA:316,67,1,0
BRDA:322,68,0,12
BRDA:322,68,1,0
BRDA:323,69,0,12
BRDA:323,69,1,12
BRDA:326,70,0,0
BRDA:326,70,1,0
BRDA:328,71,0,0
BRDA:328,71,1,0
BRDA:330,72,0,0
BRDA:330,72,1,0
BRDA:340,73,0,12
BRDA:340,73,1,0
BRDA:344,74,0,12
BRDA:344,74,1,12
BRDA:348,75,0,12
BRDA:348,75,1,12
BRDA:352,76,0,12
BRDA:352,76,1,12
BRDA:371,77,0,72
BRDA:371,78,0,72
BRDA:375,79,0,48
BRDA:375,79,1,24
BRDA:377,80,0,0
BRDA:377,80,1,0
BRDA:388,81,0,72
BRDA:388,81,1,0
BRDA:415,82,0,56
BRDA:420,83,0,56
BRDA:420,83,1,12
BRDA:445,84,0,60
BRDA:446,85,0,60
BRDA:448,86,0,60
BRDA:450,87,0,12
BRDA:450,87,1,48
BRDA:452,88,0,60
BRDA:452,88,1,48
BRDA:454,89,0,60
BRDA:454,89,1,0
BRDA:461,90,0,36
BRDA:461,90,1,24
BRDA:467,91,0,12
BRDA:467,91,1,48
BRDA:530,92,0,54
BRDA:530,93,0,54
BRDA:530,94,0,54
BRDA:531,95,0,54
BRDA:531,95,1,18
BRDA:532,96,0,0
BRDA:532,96,1,54
BRDA:532,97,0,54
BRDA:532,97,1,54
BRDA:536,98,0,54
BRDA:536,98,1,0
BRDA:546,99,0,54
BRDA:546,99,1,352
BRDA:571,100,0,0
BRDA:571,100,1,12
BRDA:573,101,0,12
BRDA:573,101,1,0
BRDA:614,102,0,0
BRDA:614,102,1,0
BRDA:624,103,0,0
BRDA:624,103,1,0
BRDA:626,104,0,0
BRDA:626,104,1,0
BRDA:626,105,0,0
BRDA:626,105,1,0
BRDA:634,106,0,0
BRDA:634,106,1,0
BRDA:636,107,0,0
BRDA:636,107,1,0
BRDA:644,108,0,0
BRDA:644,108,1,0
BRDA:650,109,0,0
BRDA:650,109,1,0
BRDA:656,110,0,0
BRDA:656,110,1,0
BRDA:673,111,0,0
BRDA:673,111,1,0
BRDA:708,112,0,0
BRDA:708,112,1,12
BRDA:710,113,0,0
BRDA:710,113,1,12
BRDA:711,114,0,0
BRDA:711,114,1,12
BRDA:712,115,0,0
BRDA:712,115,1,12
BRDA:721,116,0,12
BRDA:721,116,1,0
BRF:200
BRH:123
end_of_record
TN:
SF:src/components/ui/MatrixShell.tsx
FN:19,MatrixShell
FNF:1
FNH:0
FNDA:0,MatrixShell
DA:33,0
LF:1
LH:0
BRDA:20,0,0,0
BRDA:26,1,0,0
BRDA:27,2,0,0
BRDA:28,3,0,0
BRDA:29,4,0,0
BRDA:30,5,0,0
BRDA:31,6,0,0
BRDA:37,7,0,0
BRDA:37,7,1,0
BRDA:48,8,0,0
BRDA:48,8,1,0
BRDA:52,9,0,0
BRDA:52,9,1,0
BRDA:67,10,0,0
BRDA:67,10,1,0
BRDA:84,11,0,0
BRDA:84,11,1,0
BRDA:87,12,0,0
BRDA:87,12,1,0
BRF:19
BRH:0
end_of_record
TN:
SF:src/components/ui/RunnerComponents.tsx
FN:25,randomMatrixChar
FN:30,ClockDigit
FN:34,(anonymous_2)
FN:38,(anonymous_3)
FN:39,(anonymous_4)
FN:40,(anonymous_5)
FN:61,ClockSeparator
FN:64,(anonymous_7)
FN:65,(anonymous_8)
FN:66,(anonymous_9)
FN:68,(anonymous_10)
FN:88,MatrixClock
FN:89,(anonymous_12)
FN:90,(anonymous_13)
FN:92,(anonymous_14)
FN:93,(anonymous_15)
FN:97,(anonymous_16)
FN:100,(anonymous_17)
FN:148,TaskSchedule
FN:173,(anonymous_19)
FN:181,(anonymous_20)
FN:219,(anonymous_21)
FN:232,(anonymous_22)
FN:283,getSortIcon
FN:288,getAriaSortValue
FN:293,getRunStatus
FN:300,getDurationMs
FN:305,getStatusConfig
FN:318,getStatusPriority
FN:327,RunHistory
FN:338,(anonymous_30)
FN:340,(anonymous_31)
FN:347,(anonymous_32)
FN:349,(anonymous_33)
FN:383,(anonymous_34)
FN:391,(anonymous_35)
FN:424,(anonymous_36)
FN:434,(anonymous_37)
FN:477,(anonymous_38)
FN:487,(anonymous_39)
FN:522,getLevel
FN:530,formatSlotRange
FN:535,formatDayLabel
FN:540,RunHeatmap
FN:543,(anonymous_44)
FN:550,(anonymous_45)
FN:615,(anonymous_46)
FN:624,(anonymous_47)
FN:639,(anonymous_48)
FN:684,(anonymous_49)
FN:726,getShichen
FN:730,formatTrendTime
FN:738,getHourFromDate
FN:747,RunnerTrendChart
FN:769,(anonymous_54)
FN:771,(anonymous_55)
FN:772,(anonymous_56)
FN:774,(anonymous_57)
FN:775,(anonymous_58)
FN:783,solveSmoothPath
FN:805,(anonymous_60)
FN:806,(anonymous_61)
FN:813,(anonymous_62)
FN:829,handleMove
FN:928,(anonymous_64)
FN:960,(anonymous_65)
FN:984,formatCountdown
FN:1004,formatUpcomingTime
FN:1010,formatUpcomingDayLabel
FN:1023,getCountdownColor
FN:1030,UpcomingTasks
FN:1046,(anonymous_71)
FN:1063,UpcomingTaskRow
FN:1145,AddTaskModal
FN:1149,(anonymous_74)
FN:1150,(anonymous_75)
FN:1151,(anonymous_76)
FN:1158,(anonymous_77)
FN:1160,(anonymous_78)
FN:1164,(anonymous_79)
FN:1167,(anonymous_80)
FN:1176,(anonymous_81)
FN:1201,(anonymous_82)
FN:1209,(anonymous_83)
FN:1223,(anonymous_84)
FN:1227,(anonymous_85)
FN:1244,(anonymous_86)
FN:1259,(anonymous_87)
FN:1276,(anonymous_88)
FN:1297,(anonymous_89)
FN:1320,(anonymous_90)
FN:1334,(anonymous_91)
FN:1353,(anonymous_92)
FN:1367,(anonymous_93)
FN:1380,(anonymous_94)
FN:1410,TaskDetailModal
FN:1411,(anonymous_96)
FN:1412,(anonymous_97)
FN:1416,(anonymous_98)
FN:1421,(anonymous_99)
FN:1450,(anonymous_100)
FN:1502,(anonymous_101)
FN:1622,RunDetailModal
FN:1624,(anonymous_103)
FN:1632,(anonymous_104)
FN:1635,(anonymous_105)
FN:1648,(anonymous_106)
FNF:107
FNH:55
FNDA:0,randomMatrixChar
FNDA:72,ClockDigit
FNDA:72,(anonymous_2)
FNDA:0,(anonymous_3)
FNDA:0,(anonymous_4)
FNDA:0,(anonymous_5)
FNDA:24,ClockSeparator
FNDA:24,(anonymous_7)
FNDA:0,(anonymous_8)
FNDA:0,(anonymous_9)
FNDA:24,(anonymous_10)
FNDA:12,MatrixClock
FNDA:12,(anonymous_12)
FNDA:12,(anonymous_13)
FNDA:12,(anonymous_14)
FNDA:0,(anonymous_15)
FNDA:12,(anonymous_16)
FNDA:24,(anonymous_17)
FNDA:12,TaskSchedule
FNDA:12,(anonymous_19)
FNDA:0,(anonymous_20)
FNDA:0,(anonymous_21)
FNDA:12,(anonymous_22)
FNDA:48,getSortIcon
FNDA:48,getAriaSortValue
FNDA:12,getRunStatus
FNDA:12,getDurationMs
FNDA:12,getStatusConfig
FNDA:0,getStatusPriority
FNDA:12,RunHistory
FNDA:0,(anonymous_30)
FNDA:0,(anonymous_31)
FNDA:12,(anonymous_32)
FNDA:0,(anonymous_33)
FNDA:48,(anonymous_34)
FNDA:0,(anonymous_35)
FNDA:12,(anonymous_36)
FNDA:0,(anonymous_37)
FNDA:0,(anonymous_38)
FNDA:0,(anonymous_39)
FNDA:2880,getLevel
FNDA:2880,formatSlotRange
FNDA:360,formatDayLabel
FNDA:12,RunHeatmap
FNDA:12,(anonymous_44)
FNDA:12,(anonymous_45)
FNDA:360,(anonymous_46)
FNDA:96,(anonymous_47)
FNDA:2880,(anonymous_48)
FNDA:60,(anonymous_49)
FNDA:12,getShichen
FNDA:0,formatTrendTime
FNDA:12,getHourFromDate
FNDA:12,RunnerTrendChart
FNDA:12,(anonymous_54)
FNDA:12,(anonymous_55)
FNDA:12,(anonymous_56)
FNDA:12,(anonymous_57)
FNDA:12,(anonymous_58)
FNDA:12,solveSmoothPath
FNDA:12,(anonymous_60)
FNDA:12,(anonymous_61)
FNDA:12,(anonymous_62)
FNDA:0,handleMove
FNDA:0,(anonymous_64)
FNDA:12,(anonymous_65)
FNDA:0,formatCountdown
FNDA:0,formatUpcomingTime
FNDA:0,formatUpcomingDayLabel
FNDA:0,getCountdownColor
FNDA:12,UpcomingTasks
FNDA:0,(anonymous_71)
FNDA:0,UpcomingTaskRow
FNDA:12,AddTaskModal
FNDA:0,(anonymous_74)
FNDA:0,(anonymous_75)
FNDA:0,(anonymous_76)
FNDA:12,(anonymous_77)
FNDA:0,(anonymous_78)
FNDA:0,(anonymous_79)
FNDA:12,(anonymous_80)
FNDA:0,(anonymous_81)
FNDA:0,(anonymous_82)
FNDA:0,(anonymous_83)
FNDA:0,(anonymous_84)
FNDA:0,(anonymous_85)
FNDA:0,(anonymous_86)
FNDA:0,(anonymous_87)
FNDA:0,(anonymous_88)
FNDA:0,(anonymous_89)
FNDA:0,(anonymous_90)
FNDA:0,(anonymous_91)
FNDA:0,(anonymous_92)
FNDA:0,(anonymous_93)
FNDA:0,(anonymous_94)
FNDA:12,TaskDetailModal
FNDA:12,(anonymous_96)
FNDA:0,(anonymous_97)
FNDA:12,(anonymous_98)
FNDA:0,(anonymous_99)
FNDA:0,(anonymous_100)
FNDA:0,(anonymous_101)
FNDA:12,RunDetailModal
FNDA:0,(anonymous_103)
FNDA:12,(anonymous_104)
FNDA:0,(anonymous_105)
FNDA:0,(anonymous_106)
DA:26,0
DA:27,0
DA:31,72
DA:32,72
DA:34,72
DA:35,72
DA:36,0
DA:37,0
DA:38,0
DA:39,0
DA:40,0
DA:41,0
DA:42,0
DA:47,72
DA:62,24
DA:64,24
DA:65,24
DA:66,0
DA:68,24
DA:71,24
DA:89,12
DA:90,12
DA:92,12
DA:93,12
DA:94,0
DA:95,0
DA:97,12
DA:100,24
DA:109,12
DA:110,12
DA:112,12
DA:156,12
DA:173,12
DA:181,0
DA:220,0
DA:221,0
DA:232,12
DA:276,1
DA:284,48
DA:285,12
DA:289,48
DA:290,12
DA:294,12
DA:295,12
DA:296,0
DA:297,0
DA:301,12
DA:302,12
DA:306,12
DA:308,0
DA:310,12
DA:312,0
DA:314,0
DA:319,0
DA:320,0
DA:321,0
DA:322,0
DA:323,0
DA:335,12
DA:336,12
DA:338,12
DA:339,0
DA:340,0
DA:342,0
DA:343,0
DA:347,12
DA:348,12
DA:349,12
DA:350,0
DA:351,0
DA:353,0
DA:354,0
DA:356,0
DA:357,0
DA:359,0
DA:360,0
DA:362,0
DA:363,0
DA:364,0
DA:365,0
DA:368,0
DA:370,12
DA:373,12
DA:383,48
DA:391,0
DA:425,12
DA:426,12
DA:427,12
DA:428,12
DA:430,12
DA:434,0
DA:477,0
DA:487,0
DA:501,1
DA:502,1
DA:503,1
DA:504,1
DA:506,1
DA:507,1
DA:523,2880
DA:524,12
DA:525,12
DA:526,0
DA:527,0
DA:531,2880
DA:532,2880
DA:536,360
DA:537,360
DA:541,12
DA:543,12
DA:544,12
DA:545,12
DA:546,12
DA:550,12
DA:551,12
DA:553,12
DA:554,12
DA:555,360
DA:556,360
DA:557,360
DA:560,12
DA:561,12
DA:562,12
DA:563,12
DA:564,12
DA:565,12
DA:568,12
DA:570,12
DA:571,96
DA:572,96
DA:574,96
DA:575,2880
DA:576,2880
DA:578,2880
DA:579,12
DA:581,2868
DA:589,96
DA:592,12
DA:593,12
DA:596,12
DA:598,12
DA:615,360
DA:625,96
DA:626,96
DA:640,2880
DA:642,2880
DA:643,0
DA:652,2880
DA:653,2880
DA:654,2880
DA:656,2880
DA:684,60
DA:709,1
DA:711,1
DA:727,12
DA:731,0
DA:732,0
DA:733,0
DA:735,0
DA:739,12
DA:740,12
DA:748,12
DA:750,12
DA:759,12
DA:760,12
DA:761,12
DA:762,12
DA:763,12
DA:764,12
DA:765,12
DA:766,12
DA:767,12
DA:769,12
DA:770,12
DA:771,12
DA:772,12
DA:774,12
DA:775,12
DA:776,12
DA:777,12
DA:778,12
DA:779,12
DA:784,12
DA:785,12
DA:786,0
DA:788,0
DA:789,0
DA:790,0
DA:791,0
DA:792,0
DA:793,0
DA:795,0
DA:796,0
DA:797,0
DA:798,0
DA:800,0
DA:802,0
DA:805,12
DA:806,12
DA:807,12
DA:808,0
DA:809,0
DA:810,0
DA:813,12
DA:814,12
DA:815,12
DA:816,12
DA:818,12
DA:819,12
DA:820,12
DA:821,12
DA:822,12
DA:823,12
DA:826,12
DA:830,0
DA:831,0
DA:832,0
DA:833,0
DA:834,0
DA:835,0
DA:836,0
DA:837,0
DA:838,0
DA:839,0
DA:841,0
DA:842,0
DA:844,0
DA:845,0
DA:846,0
DA:848,0
DA:858,12
DA:859,0
DA:868,12
DA:928,0
DA:960,12
DA:985,0
DA:987,0
DA:988,0
DA:989,0
DA:991,0
DA:992,0
DA:993,0
DA:996,0
DA:997,0
DA:998,0
DA:1001,0
DA:1005,0
DA:1006,0
DA:1007,0
DA:1011,0
DA:1012,0
DA:1013,0
DA:1014,0
DA:1016,0
DA:1017,0
DA:1019,0
DA:1020,0
DA:1024,0
DA:1025,0
DA:1026,0
DA:1027,0
DA:1031,12
DA:1033,12
DA:1034,12
DA:1043,0
DA:1046,0
DA:1064,0
DA:1066,0
DA:1126,1
DA:1146,12
DA:1147,12
DA:1149,12
DA:1150,0
DA:1151,0
DA:1152,0
DA:1153,0
DA:1154,0
DA:1158,12
DA:1159,12
DA:1160,0
DA:1161,0
DA:1163,0
DA:1164,0
DA:1167,12
DA:1168,12
DA:1169,0
DA:1170,0
DA:1174,12
DA:1176,0
DA:1177,0
DA:1179,0
DA:1180,0
DA:1181,0
DA:1182,0
DA:1183,0
DA:1184,0
DA:1186,0
DA:1187,0
DA:1188,0
DA:1191,0
DA:1194,0
DA:1201,0
DA:1209,0
DA:1223,0
DA:1227,0
DA:1244,0
DA:1260,0
DA:1276,0
DA:1297,0
DA:1320,0
DA:1334,0
DA:1353,0
DA:1367,0
DA:1380,0
DA:1411,12
DA:1412,12
DA:1413,0
DA:1415,12
DA:1416,12
DA:1419,12
DA:1421,0
DA:1422,0
DA:1429,0
DA:1430,0
DA:1431,0
DA:1433,0
DA:1434,0
DA:1435,0
DA:1436,0
DA:1437,0
DA:1440,0
DA:1443,0
DA:1450,0
DA:1502,0
DA:1623,12
DA:1625,0
DA:1626,0
DA:1632,12
DA:1633,12
DA:1634,0
DA:1635,0
DA:1639,12
DA:1641,0
DA:1648,0
LF:344
LH:169
BRDA:35,0,0,0
BRDA:35,0,1,72
BRDA:52,1,0,0
BRDA:52,1,1,72
BRDA:56,2,0,72
BRDA:56,2,1,72
BRDA:76,3,0,24
BRDA:76,3,1,0
BRDA:114,4,0,12
BRDA:114,4,1,0
BRDA:159,5,0,12
BRDA:159,5,1,0
BRDA:167,6,0,12
BRDA:167,6,1,0
BRDA:167,6,2,0
BRDA:177,7,0,0
BRDA:177,7,1,12
BRDA:189,8,0,0
BRDA:189,8,1,12
BRDA:194,9,0,0
BRDA:194,9,1,12
BRDA:198,10,0,12
BRDA:198,10,1,0
BRDA:200,11,0,0
BRDA:200,11,1,0
BRDA:211,12,0,12
BRDA:211,12,1,0
BRDA:211,12,2,0
BRDA:213,13,0,0
BRDA:213,13,1,0
BRDA:230,14,0,12
BRDA:230,14,1,12
BRDA:284,15,0,36
BRDA:284,15,1,12
BRDA:285,16,0,0
BRDA:285,16,1,12
BRDA:289,17,0,36
BRDA:289,17,1,12
BRDA:290,18,0,0
BRDA:290,18,1,12
BRDA:294,19,0,0
BRDA:294,19,1,12
BRDA:295,20,0,12
BRDA:295,20,1,0
BRDA:296,21,0,0
BRDA:296,21,1,0
BRDA:301,22,0,0
BRDA:301,22,1,12
BRDA:301,23,0,12
BRDA:301,23,1,12
BRDA:306,24,0,0
BRDA:306,24,1,12
BRDA:306,24,2,0
BRDA:306,24,3,0
BRDA:319,25,0,0
BRDA:319,25,1,0
BRDA:319,25,2,0
BRDA:319,25,3,0
BRDA:339,26,0,0
BRDA:339,26,1,0
BRDA:340,27,0,0
BRDA:340,27,1,0
BRDA:351,28,0,0
BRDA:351,28,1,0
BRDA:351,28,2,0
BRDA:351,28,3,0
BRDA:359,29,0,0
BRDA:359,29,1,0
BRDA:359,30,0,0
BRDA:359,30,1,0
BRDA:362,31,0,0
BRDA:362,31,1,0
BRDA:363,32,0,0
BRDA:363,32,1,0
BRDA:368,33,0,0
BRDA:368,33,1,0
BRDA:408,34,0,12
BRDA:408,34,1,0
BRDA:408,34,2,0
BRDA:416,35,0,12
BRDA:416,35,1,12
BRDA:416,35,2,0
BRDA:427,36,0,12
BRDA:427,36,1,0
BRDA:437,37,0,12
BRDA:437,37,1,0
BRDA:448,38,0,12
BRDA:448,38,1,0
BRDA:448,38,2,0
BRDA:454,39,0,0
BRDA:454,39,1,12
BRDA:456,40,0,12
BRDA:456,40,1,0
BRDA:472,41,0,12
BRDA:472,41,1,0
BRDA:523,42,0,2868
BRDA:523,42,1,12
BRDA:524,43,0,0
BRDA:524,43,1,12
BRDA:525,44,0,12
BRDA:525,44,1,0
BRDA:526,45,0,0
BRDA:526,45,1,0
BRDA:545,46,0,12
BRDA:545,46,1,0
BRDA:563,47,0,12
BRDA:563,47,1,0
BRDA:578,48,0,12
BRDA:578,48,1,2868
BRDA:640,49,0,2880
BRDA:640,49,1,0
BRDA:642,50,0,0
BRDA:642,50,1,2880
BRDA:653,51,0,2880
BRDA:653,51,1,0
BRDA:727,52,0,12
BRDA:727,52,1,0
BRDA:732,53,0,0
BRDA:732,53,1,0
BRDA:740,54,0,0
BRDA:740,54,1,12
BRDA:765,55,0,0
BRDA:765,55,1,12
BRDA:767,56,0,0
BRDA:767,56,1,12
BRDA:771,57,0,12
BRDA:771,57,1,0
BRDA:776,58,0,0
BRDA:776,58,1,12
BRDA:777,59,0,12
BRDA:777,59,1,0
BRDA:784,60,0,0
BRDA:784,60,1,12
BRDA:785,61,0,12
BRDA:785,61,1,0
BRDA:786,62,0,0
BRDA:786,62,1,0
BRDA:807,63,0,12
BRDA:807,63,1,0
BRDA:814,64,0,0
BRDA:814,64,1,12
BRDA:821,65,0,12
BRDA:821,65,1,0
BRDA:821,66,0,12
BRDA:821,66,1,12
BRDA:831,67,0,0
BRDA:831,67,1,0
BRDA:831,68,0,0
BRDA:831,68,1,0
BRDA:838,69,0,0
BRDA:838,69,1,0
BRDA:842,70,0,0
BRDA:842,70,1,0
BRDA:844,71,0,0
BRDA:844,71,1,0
BRDA:845,72,0,0
BRDA:845,72,1,0
BRDA:858,73,0,0
BRDA:858,73,1,12
BRDA:910,74,0,12
BRDA:910,74,1,0
BRDA:912,75,0,12
BRDA:912,75,1,12
BRDA:931,76,0,12
BRDA:931,76,1,0
BRDA:947,77,0,0
BRDA:947,77,1,0
BRDA:985,78,0,0
BRDA:985,78,1,0
BRDA:991,79,0,0
BRDA:991,79,1,0
BRDA:996,80,0,0
BRDA:996,80,1,0
BRDA:1016,81,0,0
BRDA:1016,81,1,0
BRDA:1017,82,0,0
BRDA:1017,82,1,0
BRDA:1025,83,0,0
BRDA:1025,83,1,0
BRDA:1026,84,0,0
BRDA:1026,84,1,0
BRDA:1030,85,0,12
BRDA:1033,86,0,12
BRDA:1033,86,1,0
BRDA:1069,87,0,0
BRDA:1069,87,1,0
BRDA:1083,88,0,0
BRDA:1083,88,1,0
BRDA:1098,89,0,0
BRDA:1098,89,1,0
BRDA:1159,90,0,12
BRDA:1159,90,1,0
BRDA:1161,91,0,0
BRDA:1161,91,1,0
BRDA:1168,92,0,0
BRDA:1168,92,1,12
BRDA:1174,93,0,12
BRDA:1174,93,1,0
BRDA:1180,94,0,0
BRDA:1180,94,1,0
BRDA:1181,95,0,0
BRDA:1181,95,1,0
BRDA:1182,96,0,0
BRDA:1182,96,1,0
BRDA:1182,97,0,0
BRDA:1182,97,1,0
BRDA:1183,98,0,0
BRDA:1183,98,1,0
BRDA:1183,99,0,0
BRDA:1183,99,1,0
BRDA:1184,100,0,0
BRDA:1184,100,1,0
BRDA:1184,101,0,0
BRDA:1184,101,1,0
BRDA:1186,102,0,0
BRDA:1186,102,1,0
BRDA:1213,103,0,0
BRDA:1213,103,1,0
BRDA:1229,104,0,0
BRDA:1229,104,1,0
BRDA:1247,105,0,12
BRDA:1247,105,1,0
BRDA:1260,106,0,0
BRDA:1260,106,1,0
BRDA:1267,107,0,12
BRDA:1267,107,1,0
BRDA:1280,108,0,0
BRDA:1280,108,1,0
BRDA:1288,109,0,12
BRDA:1288,109,1,0
BRDA:1301,110,0,0
BRDA:1301,110,1,0
BRDA:1309,111,0,12
BRDA:1309,111,1,0
BRDA:1337,112,0,0
BRDA:1337,112,1,0
BRDA:1375,113,0,12
BRDA:1375,113,1,0
BRDA:1375,113,2,0
BRDA:1413,114,0,0
BRDA:1413,114,1,0
BRDA:1419,115,0,12
BRDA:1419,115,1,0
BRDA:1429,116,0,0
BRDA:1429,116,1,0
BRDA:1430,117,0,0
BRDA:1430,117,1,0
BRDA:1430,118,0,0
BRDA:1430,118,1,0
BRDA:1431,119,0,0
BRDA:1431,119,1,0
BRDA:1431,120,0,0
BRDA:1431,120,1,0
BRDA:1433,121,0,0
BRDA:1433,121,1,0
BRDA:1434,122,0,0
BRDA:1434,122,1,0
BRDA:1435,123,0,0
BRDA:1435,123,1,0
BRDA:1436,124,0,0
BRDA:1436,124,1,0
BRDA:1436,125,0,0
BRDA:1436,125,1,0
BRDA:1437,126,0,0
BRDA:1437,126,1,0
BRDA:1455,127,0,0
BRDA:1455,127,1,0
BRDA:1457,128,0,0
BRDA:1457,128,1,0
BRDA:1466,129,0,0
BRDA:1466,129,1,0
BRDA:1471,130,0,0
BRDA:1471,130,1,0
BRDA:1475,131,0,0
BRDA:1475,131,1,0
BRDA:1477,132,0,0
BRDA:1477,132,1,0
BRDA:1496,133,0,12
BRDA:1496,133,1,0
BRDA:1519,134,0,12
BRDA:1519,134,1,0
BRDA:1519,134,2,0
BRDA:1530,135,0,12
BRDA:1530,135,1,0
BRDA:1530,135,2,0
BRDA:1541,136,0,12
BRDA:1541,136,1,0
BRDA:1547,137,0,0
BRDA:1547,137,1,0
BRDA:1555,138,0,0
BRDA:1555,138,1,0
BRDA:1561,139,0,0
BRDA:1561,139,1,0
BRDA:1561,139,2,0
BRDA:1569,140,0,0
BRDA:1569,140,1,0
BRDA:1581,141,0,12
BRDA:1581,141,1,0
BRDA:1625,142,0,0
BRDA:1625,142,1,0
BRDA:1633,143,0,0
BRDA:1633,143,1,12
BRDA:1633,144,0,12
BRDA:1633,144,1,12
BRDA:1639,145,0,12
BRDA:1639,145,1,0
BRDA:1639,146,0,12
BRDA:1639,146,1,12
BRDA:1650,147,0,0
BRDA:1650,147,1,0
BRDA:1654,148,0,0
BRDA:1654,148,1,0
BRDA:1677,149,0,0
BRDA:1677,149,1,0
BRDA:1677,150,0,0
BRDA:1677,150,1,0
BRDA:1677,151,0,0
BRDA:1677,151,1,0
BRDA:1687,152,0,0
BRDA:1687,152,1,0
BRDA:1687,153,0,0
BRDA:1687,153,1,0
BRDA:1687,154,0,0
BRDA:1687,154,1,0
BRDA:1688,155,0,0
BRDA:1688,155,1,0
BRDA:1698,156,0,0
BRDA:1698,156,1,0
BRDA:1704,157,0,0
BRDA:1704,157,1,0
BRDA:1711,158,0,0
BRDA:1711,158,1,0
BRDA:1715,159,0,0
BRDA:1715,159,1,0
BRDA:1719,160,0,0
BRDA:1719,160,1,0
BRF:336
BRH:88
end_of_record
TN:
SF:src/components/ui/Toast.tsx
FN:18,Toast
FN:19,(anonymous_1)
FN:22,(anonymous_2)
FN:26,(anonymous_3)
FNF:4
FNH:0
FNDA:0,Toast
FNDA:0,(anonymous_1)
FNDA:0,(anonymous_2)
FNDA:0,(anonymous_3)
DA:19,0
DA:20,0
DA:22,0
DA:23,0
DA:26,0
DA:27,0
DA:31,0
LF:7
LH:0
BRDA:20,0,0,0
BRDA:20,0,1,0
BRDA:33,1,0,0
BRDA:33,1,1,0
BRDA:38,2,0,0
BRDA:38,2,1,0
BRDA:41,3,0,0
BRDA:41,3,1,0
BRDA:42,4,0,0
BRDA:42,4,1,0
BRF:10
BRH:0
end_of_record
TN:
SF:src/components/ui/VibeComponents.tsx
FN:60,BackendStatus
FN:65,(anonymous_1)
FN:71,(anonymous_2)
FN:91,SystemHeader
FN:130,IdentityPanel
FN:135,(anonymous_5)
FN:198,IdentityCard
FN:223,(anonymous_7)
FN:253,(anonymous_8)
FN:315,TopModelsPanel
FN:319,(anonymous_10)
FN:328,(anonymous_11)
FN:399,LeaderboardPanel
FN:420,(anonymous_13)
FN:429,(anonymous_14)
FN:447,(anonymous_15)
FN:462,(anonymous_16)
FN:548,UsagePanel
FN:586,(anonymous_18)
FN:595,(anonymous_19)
FN:665,(anonymous_20)
FN:680,(anonymous_21)
FN:719,NeuralAdaptiveFleet
FN:725,(anonymous_23)
FN:749,(anonymous_24)
FN:769,(anonymous_25)
FN:814,NeuralDivergenceMap
FN:826,(anonymous_27)
FN:863,LandingExtras
FN:909,GithubStar
FN:916,(anonymous_30)
FN:919,(anonymous_31)
FN:920,(anonymous_32)
FN:925,(anonymous_33)
FN:984,UpgradeAlertModal
FN:997,(anonymous_35)
FN:1001,(anonymous_36)
FN:1007,(anonymous_37)
FN:1083,CostAnalysisModal
FN:1088,(anonymous_39)
FN:1090,(anonymous_40)
FN:1094,(anonymous_41)
FN:1099,(anonymous_42)
FN:1104,(anonymous_43)
FN:1111,(anonymous_44)
FN:1126,(anonymous_45)
FN:1145,(anonymous_46)
FN:1154,(anonymous_47)
FNF:48
FNH:27
FNDA:36,BackendStatus
FNDA:36,(anonymous_1)
FNDA:36,(anonymous_2)
FNDA:12,SystemHeader
FNDA:12,IdentityPanel
FNDA:12,(anonymous_5)
FNDA:36,IdentityCard
FNDA:36,(anonymous_7)
FNDA:0,(anonymous_8)
FNDA:12,TopModelsPanel
FNDA:36,(anonymous_10)
FNDA:36,(anonymous_11)
FNDA:12,LeaderboardPanel
FNDA:24,(anonymous_13)
FNDA:0,(anonymous_14)
FNDA:0,(anonymous_15)
FNDA:12,(anonymous_16)
FNDA:12,UsagePanel
FNDA:0,(anonymous_18)
FNDA:0,(anonymous_19)
FNDA:0,(anonymous_20)
FNDA:0,(anonymous_21)
FNDA:24,NeuralAdaptiveFleet
FNDA:24,(anonymous_23)
FNDA:24,(anonymous_24)
FNDA:24,(anonymous_25)
FNDA:12,NeuralDivergenceMap
FNDA:12,(anonymous_27)
FNDA:0,LandingExtras
FNDA:12,GithubStar
FNDA:12,(anonymous_30)
FNDA:0,(anonymous_31)
FNDA:0,(anonymous_32)
FNDA:0,(anonymous_33)
FNDA:12,UpgradeAlertModal
FNDA:0,(anonymous_35)
FNDA:0,(anonymous_36)
FNDA:0,(anonymous_37)
FNDA:12,CostAnalysisModal
FNDA:12,(anonymous_39)
FNDA:0,(anonymous_40)
FNDA:12,(anonymous_41)
FNDA:0,(anonymous_42)
FNDA:0,(anonymous_43)
FNDA:0,(anonymous_44)
FNDA:0,(anonymous_45)
FNDA:0,(anonymous_46)
FNDA:0,(anonymous_47)
DA:26,1
DA:32,1
DA:65,36
DA:66,36
DA:67,24
DA:68,12
DA:71,36
DA:72,36
DA:73,36
DA:74,36
DA:77,36
DA:97,12
DA:135,12
DA:136,12
DA:137,12
DA:138,12
DA:141,12
DA:142,12
DA:144,12
DA:214,36
DA:215,36
DA:216,36
DA:217,36
DA:218,36
DA:219,36
DA:220,36
DA:221,36
DA:223,36
DA:224,36
DA:227,36
DA:233,36
DA:253,0
DA:315,1
DA:319,12
DA:320,36
DA:321,36
DA:322,24
DA:325,12
DA:329,36
DA:330,36
DA:331,36
DA:332,36
DA:333,36
DA:334,36
DA:336,36
DA:414,12
DA:415,12
DA:417,12
DA:420,24
DA:429,0
DA:447,0
DA:463,12
DA:464,12
DA:465,12
DA:467,12
DA:548,1
DA:576,12
DA:577,12
DA:579,12
DA:581,12
DA:586,0
DA:595,0
DA:665,0
DA:680,0
DA:719,1
DA:725,24
DA:726,24
DA:727,24
DA:728,24
DA:729,0
DA:732,24
DA:733,24
DA:735,24
DA:750,24
DA:751,24
DA:752,24
DA:770,24
DA:771,24
DA:772,24
DA:814,1
DA:820,12
DA:821,12
DA:823,12
DA:827,12
DA:828,12
DA:830,12
DA:870,0
DA:914,12
DA:916,12
DA:917,12
DA:918,12
DA:919,0
DA:921,0
DA:922,0
DA:925,0
DA:929,12
DA:932,12
DA:934,12
DA:989,12
DA:990,12
DA:991,12
DA:992,12
DA:993,12
DA:995,12
DA:997,12
DA:998,0
DA:999,0
DA:1000,0
DA:1001,0
DA:1007,12
DA:1008,0
DA:1009,0
DA:1012,12
DA:1083,1
DA:1088,12
DA:1089,12
DA:1090,12
DA:1091,0
DA:1093,12
DA:1094,12
DA:1097,12
DA:1099,0
DA:1100,0
DA:1101,0
DA:1104,0
DA:1105,0
DA:1106,0
DA:1107,0
DA:1112,0
DA:1113,0
DA:1114,0
DA:1115,0
DA:1116,0
DA:1126,12
DA:1127,12
DA:1129,12
DA:1145,0
DA:1155,0
DA:1156,0
LF:139
LH:104
BRDA:61,0,0,36
BRDA:63,1,0,36
BRDA:66,2,0,12
BRDA:66,2,1,24
BRDA:67,3,0,12
BRDA:67,3,1,12
BRDA:73,4,0,0
BRDA:73,4,1,36
BRDA:92,5,0,12
BRDA:95,6,0,12
BRDA:105,7,0,12
BRDA:105,7,1,12
BRDA:111,8,0,12
BRDA:111,8,1,12
BRDA:131,9,0,12
BRDA:132,10,0,12
BRDA:137,11,0,12
BRDA:137,11,1,0
BRDA:137,12,0,12
BRDA:137,12,1,12
BRDA:141,13,0,12
BRDA:141,13,1,0
BRDA:142,14,0,12
BRDA:142,14,1,0
BRDA:199,15,0,36
BRDA:201,16,0,36
BRDA:203,17,0,36
BRDA:207,18,0,36
BRDA:208,19,0,36
BRDA:209,20,0,36
BRDA:210,21,0,36
BRDA:211,22,0,36
BRDA:212,23,0,36
BRDA:214,24,0,36
BRDA:214,24,1,0
BRDA:215,25,0,36
BRDA:215,25,1,0
BRDA:217,26,0,0
BRDA:217,26,1,36
BRDA:218,27,0,36
BRDA:218,27,1,36
BRDA:218,27,2,0
BRDA:219,28,0,36
BRDA:219,28,1,36
BRDA:220,29,0,0
BRDA:220,29,1,36
BRDA:221,30,0,36
BRDA:221,30,1,36
BRDA:221,30,2,36
BRDA:227,31,0,36
BRDA:227,31,1,0
BRDA:227,32,0,36
BRDA:227,32,1,36
BRDA:236,33,0,36
BRDA:236,33,1,36
BRDA:244,34,0,0
BRDA:244,34,1,36
BRDA:263,35,0,36
BRDA:263,35,1,0
BRDA:271,36,0,36
BRDA:271,36,1,0
BRDA:271,36,2,0
BRDA:281,37,0,36
BRDA:281,37,1,0
BRDA:316,38,0,12
BRDA:317,39,0,12
BRDA:321,40,0,12
BRDA:321,40,1,24
BRDA:331,41,0,24
BRDA:331,41,1,12
BRDA:331,42,0,12
BRDA:331,42,1,0
BRDA:332,43,0,24
BRDA:332,43,1,12
BRDA:332,44,0,12
BRDA:332,44,1,0
BRDA:333,45,0,36
BRDA:333,45,1,12
BRDA:334,46,0,0
BRDA:334,46,1,36
BRDA:354,47,0,36
BRDA:354,47,1,12
BRDA:400,48,0,12
BRDA:401,49,0,12
BRDA:402,50,0,12
BRDA:407,51,0,12
BRDA:409,52,0,12
BRDA:410,53,0,12
BRDA:412,54,0,12
BRDA:414,55,0,12
BRDA:414,55,1,0
BRDA:415,56,0,0
BRDA:415,56,1,12
BRDA:425,57,0,12
BRDA:425,57,1,12
BRDA:436,58,0,0
BRDA:436,58,1,12
BRDA:441,59,0,0
BRDA:441,59,1,0
BRDA:445,60,0,0
BRDA:445,60,1,0
BRDA:446,61,0,0
BRDA:446,61,1,0
BRDA:449,62,0,0
BRDA:449,62,1,0
BRDA:461,63,0,12
BRDA:461,63,1,0
BRDA:463,64,0,0
BRDA:463,64,1,12
BRDA:465,65,0,12
BRDA:465,65,1,0
BRDA:473,66,0,12
BRDA:473,66,1,0
BRDA:476,67,0,12
BRDA:476,67,1,0
BRDA:477,68,0,0
BRDA:477,68,1,12
BRDA:488,69,0,12
BRDA:488,69,1,12
BRDA:488,69,2,12
BRDA:549,70,0,12
BRDA:551,71,0,12
BRDA:553,72,0,12
BRDA:554,73,0,12
BRDA:555,74,0,12
BRDA:556,75,0,12
BRDA:561,76,0,12
BRDA:565,77,0,12
BRDA:567,78,0,12
BRDA:572,79,0,12
BRDA:573,80,0,12
BRDA:574,81,0,12
BRDA:576,82,0,0
BRDA:576,82,1,12
BRDA:577,83,0,12
BRDA:577,83,1,0
BRDA:579,84,0,0
BRDA:579,84,1,12
BRDA:579,85,0,12
BRDA:579,85,1,0
BRDA:583,86,0,12
BRDA:583,86,1,12
BRDA:591,87,0,0
BRDA:591,87,1,0
BRDA:601,88,0,12
BRDA:601,88,1,12
BRDA:601,88,2,0
BRDA:603,89,0,0
BRDA:603,89,1,0
BRDA:606,90,0,0
BRDA:606,90,1,0
BRDA:611,91,0,0
BRDA:611,91,1,0
BRDA:613,92,0,0
BRDA:613,92,1,0
BRDA:621,93,0,12
BRDA:621,93,1,0
BRDA:623,94,0,12
BRDA:623,94,1,0
BRDA:623,95,0,12
BRDA:623,95,1,12
BRDA:628,96,0,12
BRDA:628,96,1,0
BRDA:628,97,0,12
BRDA:628,97,1,12
BRDA:630,98,0,12
BRDA:630,98,1,0
BRDA:640,99,0,12
BRDA:640,99,1,0
BRDA:645,100,0,0
BRDA:645,100,1,0
BRDA:657,101,0,12
BRDA:657,101,1,0
BRDA:660,102,0,12
BRDA:660,102,1,12
BRDA:660,102,2,0
BRDA:683,103,0,0
BRDA:683,103,1,0
BRDA:686,104,0,0
BRDA:686,104,1,0
BRDA:692,105,0,12
BRDA:692,105,1,0
BRDA:695,106,0,0
BRDA:695,106,1,0
BRDA:722,107,0,24
BRDA:723,108,0,24
BRDA:726,109,0,0
BRDA:726,109,1,24
BRDA:727,110,0,0
BRDA:727,110,1,24
BRDA:728,111,0,24
BRDA:728,111,1,0
BRDA:751,112,0,0
BRDA:751,112,1,24
BRDA:760,113,0,24
BRDA:760,113,1,24
BRDA:761,114,0,24
BRDA:761,114,1,0
BRDA:771,115,0,0
BRDA:771,115,1,24
BRDA:779,116,0,24
BRDA:779,116,1,24
BRDA:815,117,0,12
BRDA:816,118,0,12
BRDA:817,119,0,12
BRDA:818,120,0,12
BRDA:821,121,0,12
BRDA:821,121,1,0
BRDA:827,122,0,12
BRDA:827,122,1,0
BRDA:827,122,2,0
BRDA:828,123,0,0
BRDA:828,123,1,12
BRDA:842,124,0,12
BRDA:842,124,1,12
BRDA:910,125,0,12
BRDA:911,126,0,12
BRDA:912,127,0,12
BRDA:917,128,0,0
BRDA:917,128,1,12
BRDA:921,129,0,0
BRDA:921,129,1,0
BRDA:921,130,0,0
BRDA:921,130,1,0
BRDA:929,131,0,0
BRDA:929,131,1,12
BRDA:932,132,0,12
BRDA:932,132,1,0
BRDA:957,133,0,0
BRDA:957,133,1,12
BRDA:986,134,0,12
BRDA:989,135,0,12
BRDA:989,135,1,0
BRDA:995,136,0,0
BRDA:995,136,1,12
BRDA:1027,137,0,12
BRDA:1027,137,1,0
BRDA:1044,138,0,0
BRDA:1044,138,1,12
BRDA:1086,139,0,12
BRDA:1089,140,0,0
BRDA:1089,140,1,12
BRDA:1091,141,0,0
BRDA:1091,141,1,0
BRDA:1097,142,0,12
BRDA:1097,142,1,0
BRDA:1100,143,0,0
BRDA:1100,143,1,0
BRDA:1104,144,0,0
BRDA:1104,144,1,0
BRDA:1105,145,0,0
BRDA:1105,145,1,0
BRDA:1105,146,0,0
BRDA:1105,146,1,0
BRDA:1106,147,0,0
BRDA:1106,147,1,0
BRDA:1108,148,0,0
BRDA:1108,148,1,0
BRDA:1112,149,0,0
BRDA:1112,149,1,0
BRDA:1112,150,0,0
BRDA:1112,150,1,0
BRDA:1113,151,0,0
BRDA:1113,151,1,0
BRDA:1114,152,0,0
BRDA:1114,152,1,0
BRDA:1115,153,0,0
BRDA:1115,153,1,0
BRDA:1117,154,0,0
BRDA:1117,154,1,0
BRDA:1118,155,0,0
BRDA:1118,155,1,0
BRDA:1155,156,0,0
BRDA:1155,156,1,0
BRF:274
BRH:154
end_of_record
TN:
SF:src/components/ui/index.ts
FNF:0
FNH:0
LF:0
LH:0
BRF:0
BRH:0
end_of_record
TN:
SF:src/components/ui/matrix-utils.ts
FN:16,shouldFetchGithubStars
FN:25,shouldRunLiveSniffer
FN:34,shouldScrambleText
FNF:3
FNH:0
FNDA:0,shouldFetchGithubStars
FNDA:0,shouldRunLiveSniffer
FNDA:0,shouldScrambleText
DA:20,0
DA:21,0
DA:22,0
DA:29,0
DA:30,0
DA:31,0
DA:39,0
DA:40,0
DA:41,0
LF:9
LH:0
BRDA:20,0,0,0
BRDA:20,0,1,0
BRDA:21,1,0,0
BRDA:21,1,1,0
BRDA:29,2,0,0
BRDA:29,2,1,0
BRDA:30,3,0,0
BRDA:30,3,1,0
BRDA:39,4,0,0
BRDA:39,4,1,0
BRDA:40,5,0,0
BRDA:40,5,1,0
BRDA:40,6,0,0
BRDA:40,6,1,0
BRF:14
BRH:0
end_of_record
TN:
SF:src/data/mock.ts
FN:101,(anonymous_0)
FN:134,(anonymous_1)
FN:185,generateHeatmapData
FN:191,(anonymous_3)
FNF:4
FNH:4
FNDA:330,(anonymous_0)
FNDA:132,(anonymous_1)
FNDA:11,generateHeatmapData
FNDA:7326,(anonymous_3)
DA:22,11
DA:28,11
DA:36,11
DA:43,11
DA:57,11
DA:65,11
DA:75,11
DA:83,11
DA:93,11
DA:101,330
DA:106,11
DA:114,11
DA:126,11
DA:134,132
DA:140,11
DA:148,11
DA:156,11
DA:164,11
DA:171,11
DA:186,11
DA:187,11
DA:188,11
DA:189,11
DA:190,11
DA:191,11
DA:192,7326
DA:193,7326
DA:195,11
DA:196,4015
DA:197,4015
DA:198,4015
DA:200,4015
DA:201,4015
DA:202,4015
DA:204,11
DA:207,11
DA:209,11
DA:219,11
DA:234,11
DA:243,11
DA:276,11
LF:41
LH:41
BRDA:200,0,0,704
BRDA:200,0,1,3311
BRF:2
BRH:2
end_of_record
TN:
SF:src/lib/date.ts
FN:11,formatLocalDate
FN:21,getDateKey
FN:29,getDaysAgo
FN:45,isToday
FN:52,getWeekday
FN:61,formatScheduleTime
FN:83,getDateRange
FN:100,getDateNDaysAgo
FN:109,getTodayKey
FNF:9
FNH:4
FNDA:360,formatLocalDate
FNDA:360,getDateKey
FNDA:0,getDaysAgo
FNDA:0,isToday
FNDA:12,getWeekday
FNDA:12,formatScheduleTime
FNDA:0,getDateRange
FNDA:0,getDateNDaysAgo
FNDA:0,getTodayKey
DA:6,1
DA:12,360
DA:13,360
DA:14,360
DA:15,360
DA:22,360
DA:23,360
DA:30,0
DA:31,0
DA:33,0
DA:34,0
DA:36,0
DA:37,0
DA:39,0
DA:46,0
DA:53,12
DA:54,0
DA:55,0
DA:66,12
DA:72,12
DA:77,12
DA:84,0
DA:85,0
DA:86,0
DA:88,0
DA:89,0
DA:90,0
DA:91,0
DA:94,0
DA:101,0
DA:102,0
DA:103,0
DA:110,0
LF:33
LH:11
BRDA:22,0,0,0
BRDA:22,0,1,360
BRDA:53,1,0,12
BRDA:53,1,1,0
BRDA:54,2,0,0
BRDA:54,2,1,0
BRDA:55,3,0,0
BRDA:55,3,1,0
BRDA:66,4,0,12
BRDA:66,4,1,0
BRDA:68,5,0,0
BRDA:68,5,1,0
BRDA:72,6,0,0
BRDA:72,6,1,12
BRDA:74,7,0,0
BRDA:74,7,1,12
BRF:16
BRH:5
end_of_record
TN:
SF:src/lib/format.ts
FN:8,formatDuration
FN:30,formatDurationMs
FN:40,formatRelativeTime
FN:63,formatDate
FN:80,formatTimeUTC8
FN:98,formatExitCode
FN:108,formatNumber
FN:115,formatPercent
FNF:8
FNH:3
FNDA:12,formatDuration
FNDA:12,formatDurationMs
FNDA:0,formatRelativeTime
FNDA:0,formatDate
FNDA:12,formatTimeUTC8
FNDA:0,formatExitCode
FNDA:0,formatNumber
FNDA:0,formatPercent
DA:9,12
DA:10,0
DA:13,12
DA:15,12
DA:16,12
DA:17,12
DA:19,12
DA:20,12
DA:21,12
DA:22,12
DA:24,12
DA:31,12
DA:32,0
DA:34,12
DA:41,0
DA:43,0
DA:44,0
DA:46,0
DA:47,0
DA:49,0
DA:50,0
DA:51,0
DA:52,0
DA:54,0
DA:55,0
DA:56,0
DA:57,0
DA:64,0
DA:66,0
DA:67,0
DA:69,0
DA:81,12
DA:83,12
DA:84,12
DA:86,12
DA:88,12
DA:89,12
DA:90,12
DA:92,12
DA:99,0
DA:100,0
DA:101,0
DA:102,0
DA:109,0
DA:116,0
LF:45
LH:20
BRDA:9,0,0,0
BRDA:9,0,1,12
BRDA:9,1,0,12
BRDA:9,1,1,12
BRDA:9,1,2,12
BRDA:13,2,0,0
BRDA:13,2,1,12
BRDA:20,3,0,0
BRDA:20,3,1,12
BRDA:21,4,0,12
BRDA:21,4,1,0
BRDA:22,5,0,0
BRDA:22,5,1,12
BRDA:22,6,0,12
BRDA:22,6,1,12
BRDA:31,7,0,0
BRDA:31,7,1,12
BRDA:31,8,0,12
BRDA:31,8,1,12
BRDA:31,8,2,12
BRDA:41,9,0,0
BRDA:41,9,1,0
BRDA:44,10,0,0
BRDA:44,10,1,0
BRDA:54,11,0,0
BRDA:54,11,1,0
BRDA:55,12,0,0
BRDA:55,12,1,0
BRDA:56,13,0,0
BRDA:56,13,1,0
BRDA:64,14,0,0
BRDA:64,14,1,0
BRDA:67,15,0,0
BRDA:67,15,1,0
BRDA:81,16,0,0
BRDA:81,16,1,12
BRDA:84,17,0,0
BRDA:84,17,1,12
BRDA:99,18,0,0
BRDA:99,18,1,0
BRDA:100,19,0,0
BRDA:100,19,1,0
BRDA:101,20,0,0
BRDA:101,20,1,0
BRF:44
BRH:16
end_of_record
TN:
SF:src/lib/palette.ts
FN:35,withAlpha
FNF:1
FNH:1
FNDA:25,withAlpha
DA:7,3
DA:37,25
DA:38,25
DA:39,25
DA:40,25
DA:41,25
DA:47,3
DA:50,3
DA:53,3
DA:56,3
LF:10
LH:10
BRF:0
BRH:0
end_of_record
TN:
SF:src/lib/utils.ts
FN:4,cn
FNF:1
FNH:1
FNDA:101,cn
DA:5,101
LF:1
LH:1
BRF:0
BRH:0
end_of_record
TN:
SF:src/models/accounts.ts
FN:9,computeActivitySummary
FN:10,(anonymous_1)
FN:10,(anonymous_2)
FN:11,(anonymous_3)
FN:11,(anonymous_4)
FNF:5
FNH:5
FNDA:5,computeActivitySummary
FNDA:15,(anonymous_1)
FNDA:8,(anonymous_2)
FNDA:15,(anonymous_3)
FNDA:7,(anonymous_4)
DA:10,15
DA:11,15
DA:12,5
LF:3
LH:3
BRF:0
BRH:0
end_of_record
TN:
SF:src/models/amount.ts
FN:6,classifyDirection
FN:10,formatSignedAmount
FNF:2
FNH:2
FNDA:45,classifyDirection
FNDA:45,formatSignedAmount
DA:7,45
DA:11,45
DA:12,45
LF:3
LH:3
BRDA:7,0,0,16
BRDA:7,0,1,29
BRDA:11,1,0,16
BRDA:11,1,1,29
BRF:4
BRH:4
end_of_record
TN:
SF:src/models/card-showcase.ts
FN:6,computeUtilization
FN:19,deriveColorScheme
FN:33,formatBalance
FNF:3
FNH:3
FNDA:14,computeUtilization
FNDA:14,deriveColorScheme
FNDA:4,formatBalance
DA:7,14
DA:8,13
DA:20,14
DA:21,14
DA:34,4
LF:5
LH:5
BRDA:7,0,0,1
BRDA:7,0,1,13
BRDA:22,1,0,5
BRDA:22,1,1,9
BRDA:23,2,0,5
BRDA:23,2,1,9
BRDA:24,3,0,5
BRDA:24,3,1,9
BRDA:27,4,0,5
BRDA:27,4,1,9
BRDA:28,5,0,5
BRDA:28,5,1,9
BRDA:34,6,0,2
BRDA:34,6,1,2
BRF:14
BRH:14
end_of_record
TN:
SF:src/models/component-showcase.ts
FN:21,createMockTasks
FN:84,createMockRuns
FN:103,createMockRunDetail
FN:126,createMockHeatmap
FN:131,(anonymous_4)
FN:173,createMockTrend
FN:177,(anonymous_6)
FN:209,createMockUpcomingTasks
FN:253,(anonymous_8)
FN:270,createMockLeaderboard
FN:286,createMockModelUsage
FN:301,createMockFleetData
FN:329,createMockNeuralFleetData
FN:356,createMockTrendMonitorData
FN:358,(anonymous_14)
FN:363,(anonymous_15)
FN:369,countTasksByExecutor
FN:380,countTotalSchedules
FN:381,(anonymous_18)
FN:387,calculateSuccessRate
FN:389,(anonymous_20)
FN:396,getTotalPages
FNF:22
FNH:22
FNDA:20,createMockTasks
FNDA:17,createMockRuns
FNDA:15,createMockRunDetail
FNDA:17,createMockHeatmap
FNDA:8007,(anonymous_4)
FNDA:17,createMockTrend
FNDA:476,(anonymous_6)
FNDA:16,createMockUpcomingTasks
FNDA:896,(anonymous_8)
FNDA:16,createMockLeaderboard
FNDA:15,createMockModelUsage
FNDA:15,createMockFleetData
FNDA:15,createMockNeuralFleetData
FNDA:17,createMockTrendMonitorData
FNDA:490,(anonymous_14)
FNDA:490,(anonymous_15)
FNDA:15,countTasksByExecutor
FNDA:15,countTotalSchedules
FNDA:75,(anonymous_18)
FNDA:16,calculateSuccessRate
FNDA:150,(anonymous_20)
FNDA:17,getTotalPages
DA:22,20
DA:85,17
DA:104,15
DA:116,2
DA:127,17
DA:128,17
DA:129,17
DA:130,17
DA:131,17
DA:132,8007
DA:133,8007
DA:136,17
DA:137,510
DA:138,510
DA:139,510
DA:140,510
DA:141,510
DA:142,510
DA:144,510
DA:145,4080
DA:146,4080
DA:147,4080
DA:148,4080
DA:150,4080
DA:151,1904
DA:152,1904
DA:153,1904
DA:163,17
DA:174,17
DA:175,17
DA:176,17
DA:177,17
DA:178,476
DA:179,476
DA:182,17
DA:183,238
DA:184,238
DA:185,238
DA:186,238
DA:187,238
DA:188,238
DA:190,238
DA:191,238
DA:192,238
DA:193,238
DA:194,238
DA:196,238
DA:199,17
DA:210,16
DA:211,16
DA:213,16
DA:214,80
DA:216,144
DA:217,288
DA:218,288
DA:220,288
DA:221,288
DA:223,288
DA:225,288
DA:226,288
DA:227,288
DA:241,288
DA:253,896
DA:254,16
DA:271,16
DA:287,15
DA:302,15
DA:330,15
DA:357,17
DA:358,17
DA:359,490
DA:360,490
DA:363,490
DA:370,15
DA:371,15
DA:372,75
DA:374,15
DA:381,75
DA:388,16
DA:389,150
DA:390,15
DA:397,17
LF:82
LH:82
BRDA:145,0,0,4080
BRDA:145,0,1,3536
BRDA:146,1,0,1224
BRDA:146,1,1,2856
BRDA:147,2,0,4080
BRDA:147,2,1,3060
BRDA:148,3,0,3060
BRDA:148,3,1,1020
BRDA:150,4,0,1904
BRDA:150,4,1,2176
BRDA:152,5,0,119
BRDA:152,5,1,1785
BRDA:190,6,0,238
BRDA:190,6,1,204
BRDA:191,7,0,68
BRDA:191,7,1,170
BRDA:220,8,0,192
BRDA:220,8,1,96
BRDA:220,9,0,96
BRDA:220,9,1,96
BRDA:221,10,0,0
BRDA:221,10,1,288
BRDA:225,11,0,288
BRDA:225,11,1,0
BRDA:356,12,0,17
BRDA:372,13,0,75
BRDA:372,13,1,45
BRDA:388,14,0,1
BRDA:388,14,1,15
BRF:29
BRH:27
end_of_record
TN:
SF:src/models/flow-comparison.ts
FN:16,computeFlowSummary
FN:17,(anonymous_1)
FN:18,(anonymous_2)
FN:26,deriveNetFlow
FN:27,(anonymous_4)
FNF:5
FNH:5
FNDA:4,computeFlowSummary
FNDA:26,(anonymous_1)
FNDA:26,(anonymous_2)
FNDA:4,deriveNetFlow
FNDA:26,(anonymous_4)
DA:17,26
DA:18,26
DA:19,4
DA:27,26
LF:4
LH:4
BRF:0
BRH:0
end_of_record
TN:
SF:src/models/help.ts
FN:6,filterFAQs
FN:9,(anonymous_1)
FN:12,faqCount
FNF:3
FNH:3
FNDA:7,filterFAQs
FNDA:8,(anonymous_1)
FNDA:4,faqCount
DA:7,7
DA:8,3
DA:9,8
DA:13,4
LF:4
LH:4
BRDA:7,0,0,4
BRDA:7,0,1,3
BRDA:9,1,0,8
BRDA:9,1,1,6
BRF:4
BRH:4
end_of_record
TN:
SF:src/models/interaction-showcase.ts
FN:6,toastVariantLabel
FNF:1
FNH:1
FNDA:63,toastVariantLabel
DA:7,63
DA:14,63
DA:17,2
LF:3
LH:3
BRF:0
BRH:0
end_of_record
TN:
SF:src/models/life-ai.ts
FN:7,countActiveEvents
FN:8,(anonymous_1)
FN:12,computeTotalCalories
FN:13,(anonymous_3)
FN:22,shiftDate
FNF:5
FNH:5
FNDA:8,countActiveEvents
FNDA:74,(anonymous_1)
FNDA:8,computeTotalCalories
FNDA:74,(anonymous_3)
FNDA:4,shiftDate
DA:8,74
DA:13,8
DA:14,74
DA:15,66
DA:16,66
DA:17,23
DA:23,4
DA:24,4
DA:25,4
LF:9
LH:9
BRDA:14,0,0,8
BRDA:14,0,1,66
BRDA:16,1,0,43
BRDA:16,1,1,23
BRF:4
BRH:4
end_of_record
TN:
SF:src/models/portfolio.ts
FN:6,computePortfolioTotal
FN:7,(anonymous_1)
FNF:2
FNH:2
FNDA:5,computePortfolioTotal
FNDA:18,(anonymous_1)
DA:7,18
LF:1
LH:1
BRF:0
BRH:0
end_of_record
TN:
SF:src/models/progress-tracking.ts
FN:12,computeProgressSummary
FN:13,(anonymous_1)
FN:14,(anonymous_2)
FN:18,computeProgressPercent
FNF:4
FNH:4
FNDA:4,computeProgressSummary
FNDA:17,(anonymous_1)
FNDA:17,(anonymous_2)
FNDA:17,computeProgressPercent
DA:13,17
DA:14,17
DA:15,4
DA:19,17
DA:20,16
LF:5
LH:5
BRDA:19,0,0,1
BRDA:19,0,1,16
BRF:2
BRH:2
end_of_record
TN:
SF:src/models/record-list.ts
FN:11,classifyStatus
FNF:1
FNH:1
FNDA:32,classifyStatus
DA:12,32
LF:1
LH:1
BRDA:12,0,0,28
BRDA:12,0,1,4
BRF:2
BRH:2
end_of_record
TN:
SF:src/models/stats-overview.ts
FN:6,classifyChange
FN:12,changeToColorClass
FNF:2
FNH:2
FNDA:11,classifyChange
FNDA:10,changeToColorClass
DA:7,11
DA:8,6
DA:9,3
DA:13,10
DA:15,5
DA:17,3
DA:19,2
LF:7
LH:7
BRDA:7,0,0,5
BRDA:7,0,1,6
BRDA:8,1,0,3
BRDA:8,1,1,3
BRDA:13,2,0,5
BRDA:13,2,1,3
BRDA:13,2,2,2
BRF:7
BRH:7
end_of_record
TN:
SF:src/models/target-cards.ts
FN:6,computeGoalPercent
FN:11,computeMonthlyTarget
FN:16,isOnTrack
FN:31,enrichGoal
FNF:4
FNH:4
FNDA:11,computeGoalPercent
FNDA:11,computeMonthlyTarget
FNDA:12,isOnTrack
FNDA:9,enrichGoal
DA:7,11
DA:8,10
DA:12,11
DA:13,10
DA:17,12
DA:18,11
DA:32,9
LF:7
LH:7
BRDA:7,0,0,1
BRDA:7,0,1,10
BRDA:12,1,0,1
BRDA:12,1,1,10
BRDA:16,2,0,12
BRDA:17,3,0,1
BRDA:17,3,1,11
BRDA:31,4,0,9
BRF:8
BRH:8
end_of_record
TN:
SF:src/models/types.ts
FNF:0
FNH:0
LF:0
LH:0
BRF:0
BRH:0
end_of_record
TN:
SF:src/pages/AccountsPage.tsx
FN:6,AccountsPage
FN:16,(anonymous_1)
FN:33,(anonymous_2)
FN:58,(anonymous_3)
FNF:4
FNH:4
FNDA:4,AccountsPage
FNDA:8,(anonymous_1)
FNDA:8,(anonymous_2)
FNDA:8,(anonymous_3)
DA:7,4
DA:9,4
DA:16,8
DA:33,8
DA:58,8
LF:5
LH:5
BRDA:69,0,0,4
BRDA:69,0,1,4
BRDA:95,1,0,4
BRDA:95,1,1,0
BRF:4
BRH:3
end_of_record
TN:
SF:src/pages/BadgeLoginPage.tsx
FN:5,BadgeLoginPage
FN:29,(anonymous_1)
FNF:2
FNH:0
FNDA:0,BadgeLoginPage
FNDA:0,(anonymous_1)
DA:6,0
DA:8,0
DA:29,0
LF:3
LH:0
BRF:0
BRH:0
end_of_record
TN:
SF:src/pages/CardShowcasePage.tsx
FN:7,CardShowcasePage
FN:17,(anonymous_1)
FN:23,(anonymous_2)
FNF:3
FNH:3
FNDA:5,CardShowcasePage
FNDA:1,(anonymous_1)
FNDA:5,(anonymous_2)
DA:8,5
DA:9,5
DA:11,5
DA:17,1
DA:23,5
LF:5
LH:5
BRDA:18,0,0,4
BRDA:18,0,1,1
BRDA:57,1,0,0
BRDA:57,1,1,5
BRDA:58,2,0,0
BRDA:58,2,1,5
BRF:6
BRH:4
end_of_record
TN:
SF:src/pages/ComponentShowcasePage.tsx
FN:51,SectionTitle
FN:60,ComponentShowcasePage
FN:155,(anonymous_2)
FN:298,(anonymous_3)
FN:386,(anonymous_4)
FN:512,(anonymous_5)
FN:691,(anonymous_6)
FN:770,(anonymous_7)
FNF:8
FNH:6
FNDA:348,SectionTitle
FNDA:12,ComponentShowcasePage
FNDA:0,(anonymous_2)
FNDA:84,(anonymous_3)
FNDA:36,(anonymous_4)
FNDA:36,(anonymous_5)
FNDA:0,(anonymous_6)
FNDA:12,(anonymous_7)
DA:52,348
DA:61,12
DA:63,12
DA:298,84
DA:386,36
DA:512,36
DA:770,12
LF:7
LH:7
BRDA:783,0,0,0
BRDA:783,0,1,12
BRF:2
BRH:1
end_of_record
TN:
SF:src/pages/DashboardPage.tsx
FN:6,DashboardPage
FN:25,(anonymous_1)
FN:56,(anonymous_2)
FNF:3
FNH:3
FNDA:4,DashboardPage
FNDA:4,(anonymous_1)
FNDA:4,(anonymous_2)
DA:7,4
DA:9,4
DA:25,4
DA:56,4
LF:4
LH:4
BRDA:35,0,0,4
BRDA:35,0,1,0
BRDA:68,1,0,0
BRDA:68,1,1,4
BRDA:97,2,0,4
BRDA:97,2,1,0
BRF:6
BRH:3
end_of_record
TN:
SF:src/pages/FlowComparisonPage.tsx
FN:5,FlowComparisonPage
FN:32,(anonymous_1)
FN:33,(anonymous_2)
FN:48,(anonymous_3)
FNF:4
FNH:4
FNDA:3,FlowComparisonPage
FNDA:3,(anonymous_1)
FNDA:3,(anonymous_2)
FNDA:3,(anonymous_3)
DA:6,3
DA:8,3
DA:32,3
DA:33,3
DA:48,3
LF:5
LH:5
BRF:0
BRH:0
end_of_record
TN:
SF:src/pages/HelpPage.tsx
FN:6,HelpPage
FN:27,(anonymous_1)
FN:43,(anonymous_2)
FNF:3
FNH:3
FNDA:4,HelpPage
FNDA:8,(anonymous_1)
FNDA:8,(anonymous_2)
DA:7,4
DA:8,4
DA:10,4
DA:27,8
DA:43,8
LF:5
LH:5
BRDA:53,0,0,4
BRDA:53,0,1,0
BRF:2
BRH:1
end_of_record
TN:
SF:src/pages/InteractionShowcasePage.tsx
FN:7,InteractionShowcasePage
FN:27,(anonymous_1)
FN:30,(anonymous_2)
FN:62,(anonymous_3)
FN:76,(anonymous_4)
FN:77,(anonymous_5)
FNF:6
FNH:4
FNDA:3,InteractionShowcasePage
FNDA:3,(anonymous_1)
FNDA:0,(anonymous_2)
FNDA:15,(anonymous_3)
FNDA:3,(anonymous_4)
FNDA:0,(anonymous_5)
DA:16,3
DA:18,3
DA:20,3
DA:22,3
DA:27,3
DA:30,0
DA:62,15
DA:76,3
DA:77,0
LF:9
LH:7
BRDA:20,0,0,0
BRDA:20,0,1,3
BRDA:30,1,0,0
BRDA:30,1,1,0
BRDA:33,2,0,0
BRDA:33,2,1,3
BRDA:42,3,0,3
BRDA:42,3,1,0
BRDA:43,4,0,3
BRDA:43,4,1,0
BRDA:44,5,0,3
BRDA:44,5,1,0
BRDA:45,6,0,3
BRDA:45,6,1,0
BRDA:46,7,0,3
BRDA:46,7,1,3
BRDA:85,8,0,3
BRDA:85,8,1,0
BRDA:97,9,0,0
BRDA:97,9,1,0
BRDA:111,10,0,0
BRDA:111,10,1,0
BRF:22
BRH:9
end_of_record
TN:
SF:src/pages/LifeAiPage.tsx
FN:8,LifeAiPage
FN:47,(anonymous_1)
FN:85,(anonymous_2)
FN:106,(anonymous_3)
FN:125,(anonymous_4)
FN:126,(anonymous_5)
FN:134,(anonymous_6)
FN:150,(anonymous_7)
FN:161,(anonymous_8)
FNF:9
FNH:9
FNDA:5,LifeAiPage
FNDA:10,(anonymous_1)
FNDA:10,(anonymous_2)
FNDA:1825,(anonymous_3)
FNDA:35,(anonymous_4)
FNDA:35,(anonymous_5)
FNDA:60,(anonymous_6)
FNDA:10,(anonymous_7)
FNDA:70,(anonymous_8)
DA:22,5
DA:24,5
DA:31,5
DA:47,10
DA:85,10
DA:106,1825
DA:125,35
DA:126,35
DA:134,60
DA:150,10
DA:161,70
LF:11
LH:11
BRDA:51,0,0,10
BRDA:51,0,1,10
BRDA:54,1,0,10
BRDA:54,1,1,10
BRDA:57,2,0,5
BRDA:57,2,1,5
BRDA:58,3,0,5
BRDA:58,3,1,0
BRDA:60,4,0,5
BRDA:60,4,1,5
BRDA:90,5,0,10
BRDA:90,5,1,5
BRDA:94,6,0,10
BRDA:94,6,1,10
BRDA:111,7,0,1640
BRDA:111,7,1,185
BRF:16
BRH:15
end_of_record
TN:
SF:src/pages/LoadingPage.tsx
FN:3,LoadingPage
FN:20,(anonymous_1)
FN:22,(anonymous_2)
FN:24,(anonymous_3)
FN:31,(anonymous_4)
FN:49,(anonymous_5)
FNF:6
FNH:0
FNDA:0,LoadingPage
FNDA:0,(anonymous_1)
FNDA:0,(anonymous_2)
FNDA:0,(anonymous_3)
FNDA:0,(anonymous_4)
FNDA:0,(anonymous_5)
DA:4,0
DA:5,0
DA:7,0
DA:20,0
DA:21,0
DA:22,0
DA:23,0
DA:24,0
DA:25,0
DA:26,0
DA:28,0
DA:31,0
DA:35,0
DA:49,0
LF:14
LH:0
BRDA:23,0,0,0
BRDA:23,0,1,0
BRDA:55,1,0,0
BRDA:55,1,1,0
BRF:4
BRH:0
end_of_record
TN:
SF:src/pages/LoginPage.tsx
FN:6,LoginPage
FN:31,(anonymous_1)
FN:43,(anonymous_2)
FNF:3
FNH:0
FNDA:0,LoginPage
FNDA:0,(anonymous_1)
FNDA:0,(anonymous_2)
DA:7,0
DA:8,0
DA:10,0
DA:31,0
DA:43,0
LF:5
LH:0
BRF:0
BRH:0
end_of_record
TN:
SF:src/pages/NotFound.tsx
FN:3,NotFound
FNF:1
FNH:0
FNDA:0,NotFound
DA:4,0
LF:1
LH:0
BRF:0
BRH:0
end_of_record
TN:
SF:src/pages/PalettePage.tsx
FN:4,PalettePage
FN:18,(anonymous_1)
FN:33,(anonymous_2)
FN:47,(anonymous_3)
FNF:4
FNH:4
FNDA:4,PalettePage
FNDA:32,(anonymous_1)
FNDA:96,(anonymous_2)
FNDA:24,(anonymous_3)
DA:5,4
DA:18,32
DA:33,96
DA:47,24
LF:4
LH:4
BRF:0
BRH:0
end_of_record
TN:
SF:src/pages/PortfolioPage.tsx
FN:6,PortfolioPage
FN:21,(anonymous_1)
FN:22,(anonymous_2)
FN:38,(anonymous_3)
FNF:4
FNH:4
FNDA:4,PortfolioPage
FNDA:48,(anonymous_1)
FNDA:48,(anonymous_2)
FNDA:8,(anonymous_3)
DA:7,4
DA:9,4
DA:21,48
DA:22,48
DA:38,8
LF:5
LH:5
BRDA:53,0,0,4
BRDA:53,0,1,4
BRF:2
BRH:2
end_of_record
TN:
SF:src/pages/ProgressTrackingPage.tsx
FN:6,ProgressTrackingPage
FN:36,(anonymous_1)
FN:64,(anonymous_2)
FN:65,(anonymous_3)
FNF:4
FNH:4
FNDA:4,ProgressTrackingPage
FNDA:8,(anonymous_1)
FNDA:4,(anonymous_2)
FNDA:4,(anonymous_3)
DA:7,4
DA:9,4
DA:36,8
DA:64,4
DA:65,4
LF:5
LH:5
BRDA:26,0,0,4
BRDA:26,0,1,0
BRF:2
BRH:1
end_of_record
TN:
SF:src/pages/RecordListPage.tsx
FN:5,RecordListPage
FN:26,(anonymous_1)
FNF:2
FNH:2
FNDA:4,RecordListPage
FNDA:8,(anonymous_1)
DA:6,4
DA:8,4
DA:26,8
LF:3
LH:3
BRDA:43,0,0,4
BRDA:43,0,1,4
BRDA:52,1,0,4
BRDA:52,1,1,4
BRF:4
BRH:4
end_of_record
TN:
SF:src/pages/SettingsPage.tsx
FN:4,SettingsPage
FN:39,(anonymous_1)
FNF:2
FNH:2
FNDA:4,SettingsPage
FNDA:12,(anonymous_1)
DA:5,4
DA:39,12
LF:2
LH:2
BRF:0
BRH:0
end_of_record
TN:
SF:src/pages/StaticPage.tsx
FN:3,StaticPage
FNF:1
FNH:0
FNDA:0,StaticPage
DA:4,0
LF:1
LH:0
BRF:0
BRH:0
end_of_record
TN:
SF:src/pages/StatsOverviewPage.tsx
FN:6,StatsOverviewPage
FN:13,(anonymous_1)
FN:28,(anonymous_2)
FN:29,(anonymous_3)
FN:38,(anonymous_4)
FN:63,(anonymous_5)
FNF:6
FNH:6
FNDA:3,StatsOverviewPage
FNDA:6,(anonymous_1)
FNDA:90,(anonymous_2)
FNDA:90,(anonymous_3)
FNDA:3,(anonymous_4)
FNDA:3,(anonymous_5)
DA:7,3
DA:9,3
DA:13,6
DA:28,90
DA:29,90
DA:38,3
DA:63,3
LF:7
LH:7
BRF:0
BRH:0
end_of_record
TN:
SF:src/pages/TargetCardsPage.tsx
FN:12,TargetCardsPage
FN:18,(anonymous_1)
FNF:2
FNH:2
FNDA:3,TargetCardsPage
FNDA:6,(anonymous_1)
DA:5,1
DA:13,3
DA:15,3
DA:18,6
LF:4
LH:4
BRDA:24,0,0,6
BRDA:24,0,1,0
BRDA:29,1,0,3
BRDA:29,1,1,3
BRDA:34,2,0,3
BRDA:34,2,1,3
BRDA:50,3,0,3
BRDA:50,3,1,3
BRF:8
BRH:7
end_of_record
TN:
SF:src/viewmodels/useAccountsViewModel.ts
FN:22,useAccountsViewModel
FN:24,(anonymous_1)
FN:24,(anonymous_2)
FN:29,(anonymous_3)
FN:30,(anonymous_4)
FN:38,(anonymous_5)
FNF:6
FNH:6
FNDA:3,useAccountsViewModel
FNDA:3,(anonymous_1)
FNDA:9,(anonymous_2)
FNDA:3,(anonymous_3)
FNDA:12,(anonymous_4)
FNDA:3,(anonymous_5)
DA:23,3
DA:24,9
DA:28,3
DA:30,12
DA:38,3
DA:40,3
LF:6
LH:6
BRF:0
BRH:0
end_of_record
TN:
SF:src/viewmodels/useCardShowcaseViewModel.ts
FN:15,useCardShowcaseViewModel
FN:17,(anonymous_1)
FN:18,(anonymous_2)
FN:27,(anonymous_3)
FNF:4
FNH:4
FNDA:4,useCardShowcaseViewModel
FNDA:4,(anonymous_1)
FNDA:12,(anonymous_2)
FNDA:2,(anonymous_3)
DA:16,4
DA:18,12
DA:26,4
DA:27,2
DA:31,4
LF:5
LH:5
BRF:0
BRH:0
end_of_record
TN:
SF:src/viewmodels/useComponentShowcaseViewModel.ts
FN:27,useComponentShowcaseViewModel
FN:36,(anonymous_1)
FN:37,(anonymous_2)
FN:38,(anonymous_3)
FN:39,(anonymous_4)
FN:40,(anonymous_5)
FN:41,(anonymous_6)
FN:42,(anonymous_7)
FN:43,(anonymous_8)
FN:44,(anonymous_9)
FN:45,(anonymous_10)
FN:46,(anonymous_11)
FN:49,(anonymous_12)
FN:50,(anonymous_13)
FN:51,(anonymous_14)
FN:52,(anonymous_15)
FN:55,(anonymous_16)
FN:60,(anonymous_17)
FN:60,(anonymous_18)
FN:66,(anonymous_19)
FN:72,(anonymous_20)
FN:73,(anonymous_21)
FN:74,(anonymous_22)
FN:94,(anonymous_23)
FN:105,(anonymous_24)
FN:106,(anonymous_25)
FN:112,(anonymous_26)
FN:113,(anonymous_27)
FN:114,(anonymous_28)
FN:115,(anonymous_29)
FN:116,(anonymous_30)
FN:117,(anonymous_31)
FNF:32
FNH:32
FNDA:25,useComponentShowcaseViewModel
FNDA:14,(anonymous_1)
FNDA:14,(anonymous_2)
FNDA:14,(anonymous_3)
FNDA:14,(anonymous_4)
FNDA:14,(anonymous_5)
FNDA:14,(anonymous_6)
FNDA:14,(anonymous_7)
FNDA:14,(anonymous_8)
FNDA:14,(anonymous_9)
FNDA:14,(anonymous_10)
FNDA:14,(anonymous_11)
FNDA:14,(anonymous_12)
FNDA:14,(anonymous_13)
FNDA:14,(anonymous_14)
FNDA:14,(anonymous_15)
FNDA:15,(anonymous_16)
FNDA:14,(anonymous_17)
FNDA:56,(anonymous_18)
FNDA:14,(anonymous_19)
FNDA:14,(anonymous_20)
FNDA:168,(anonymous_21)
FNDA:1176,(anonymous_22)
FNDA:3,(anonymous_23)
FNDA:1,(anonymous_24)
FNDA:2,(anonymous_25)
FNDA:1,(anonymous_26)
FNDA:1,(anonymous_27)
FNDA:1,(anonymous_28)
FNDA:1,(anonymous_29)
FNDA:1,(anonymous_30)
FNDA:1,(anonymous_31)
DA:25,1
DA:29,25
DA:30,25
DA:31,25
DA:32,25
DA:33,25
DA:36,25
DA:37,25
DA:38,25
DA:39,25
DA:40,25
DA:41,25
DA:42,25
DA:43,25
DA:44,25
DA:45,25
DA:46,25
DA:49,25
DA:50,25
DA:51,25
DA:52,25
DA:54,25
DA:55,15
DA:59,25
DA:60,56
DA:65,25
DA:66,14
DA:71,25
DA:72,14
DA:74,168
DA:76,1176
DA:77,1176
DA:78,1176
DA:79,1176
DA:93,25
DA:95,3
DA:96,2
DA:98,1
DA:104,25
DA:106,2
DA:107,1
DA:112,25
DA:113,25
DA:114,25
DA:115,25
DA:116,25
DA:117,25
DA:119,25
LF:48
LH:48
BRDA:95,0,0,2
BRDA:95,0,1,1
BRDA:107,1,0,1
BRDA:107,1,1,0
BRF:4
BRH:3
end_of_record
TN:
SF:src/viewmodels/useFlowComparisonViewModel.ts
FN:9,useFlowComparisonViewModel
FN:10,(anonymous_1)
FN:11,(anonymous_2)
FNF:3
FNH:3
FNDA:3,useFlowComparisonViewModel
FNDA:3,(anonymous_1)
FNDA:3,(anonymous_2)
DA:10,3
DA:11,3
DA:13,3
LF:3
LH:3
BRF:0
BRH:0
end_of_record
TN:
SF:src/viewmodels/useHelpViewModel.ts
FN:25,useHelpViewModel
FN:27,(anonymous_1)
FNF:2
FNH:2
FNDA:3,useHelpViewModel
FNDA:3,(anonymous_1)
DA:19,1
DA:26,3
DA:27,3
DA:28,3
DA:30,3
LF:5
LH:5
BRDA:25,0,0,3
BRF:1
BRH:1
end_of_record
TN:
SF:src/viewmodels/useInteractionShowcaseViewModel.ts
FN:15,useInteractionShowcaseViewModel
FN:19,(anonymous_1)
FN:20,(anonymous_2)
FN:27,(anonymous_3)
FN:29,(anonymous_4)
FN:32,(anonymous_5)
FN:32,(anonymous_6)
FN:36,(anonymous_7)
FN:37,(anonymous_8)
FN:40,(anonymous_9)
FN:40,(anonymous_10)
FNF:11
FNH:11
FNDA:8,useInteractionShowcaseViewModel
FNDA:6,(anonymous_1)
FNDA:30,(anonymous_2)
FNDA:6,(anonymous_3)
FNDA:6,(anonymous_4)
FNDA:6,(anonymous_5)
FNDA:30,(anonymous_6)
FNDA:1,(anonymous_7)
FNDA:1,(anonymous_8)
FNDA:2,(anonymous_9)
FNDA:4,(anonymous_10)
DA:16,8
DA:18,8
DA:20,30
DA:27,8
DA:29,8
DA:31,8
DA:32,30
DA:36,8
DA:37,8
DA:39,8
DA:40,4
DA:44,8
LF:12
LH:12
BRF:0
BRH:0
end_of_record
TN:
SF:src/viewmodels/useLifeAiViewModel.ts
FN:17,useLifeAiViewModel
FN:18,(anonymous_1)
FN:29,(anonymous_2)
FN:30,(anonymous_3)
FN:33,(anonymous_4)
FN:33,(anonymous_5)
FN:37,(anonymous_6)
FN:37,(anonymous_7)
FN:41,(anonymous_8)
FNF:9
FNH:8
FNDA:9,useLifeAiViewModel
FNDA:7,(anonymous_1)
FNDA:7,(anonymous_2)
FNDA:7,(anonymous_3)
FNDA:1,(anonymous_4)
FNDA:1,(anonymous_5)
FNDA:1,(anonymous_6)
FNDA:1,(anonymous_7)
FNDA:0,(anonymous_8)
DA:18,9
DA:20,9
DA:21,9
DA:22,9
DA:23,9
DA:24,9
DA:25,9
DA:26,9
DA:27,9
DA:29,9
DA:30,9
DA:32,9
DA:33,1
DA:36,9
DA:37,1
DA:40,9
DA:41,0
DA:45,9
LF:18
LH:17
BRF:0
BRH:0
end_of_record
TN:
SF:src/viewmodels/usePortfolioViewModel.ts
FN:8,usePortfolioViewModel
FN:9,(anonymous_1)
FNF:2
FNH:2
FNDA:3,usePortfolioViewModel
FNDA:3,(anonymous_1)
DA:9,3
DA:11,3
LF:2
LH:2
BRF:0
BRH:0
end_of_record
TN:
SF:src/viewmodels/useProgressTrackingViewModel.ts
FN:17,useProgressTrackingViewModel
FN:18,(anonymous_1)
FN:21,(anonymous_2)
FN:22,(anonymous_3)
FNF:4
FNH:4
FNDA:3,useProgressTrackingViewModel
FNDA:3,(anonymous_1)
FNDA:3,(anonymous_2)
FNDA:15,(anonymous_3)
DA:18,3
DA:20,3
DA:22,15
DA:32,3
LF:4
LH:4
BRF:0
BRH:0
end_of_record
TN:
SF:src/viewmodels/useRecordListViewModel.ts
FN:21,useRecordListViewModel
FN:23,(anonymous_1)
FN:24,(anonymous_2)
FNF:3
FNH:3
FNDA:3,useRecordListViewModel
FNDA:3,(anonymous_1)
FNDA:30,(anonymous_2)
DA:22,3
DA:24,30
DA:38,3
LF:3
LH:3
BRF:0
BRH:0
end_of_record
TN:
SF:src/viewmodels/useStatsOverviewViewModel.ts
FN:20,useStatsOverviewViewModel
FN:22,(anonymous_1)
FN:23,(anonymous_2)
FNF:3
FNH:3
FNDA:2,useStatsOverviewViewModel
FNDA:2,(anonymous_1)
FNDA:8,(anonymous_2)
DA:21,2
DA:23,8
DA:30,2
LF:3
LH:3
BRF:0
BRH:0
end_of_record
TN:
SF:src/viewmodels/useTargetCardsViewModel.ts
FN:9,useTargetCardsViewModel
FN:11,(anonymous_1)
FN:11,(anonymous_2)
FNF:3
FNH:3
FNDA:2,useTargetCardsViewModel
FNDA:2,(anonymous_1)
FNDA:8,(anonymous_2)
DA:10,2
DA:11,8
DA:15,2
LF:3
LH:3
BRF:0
BRH:0
end_of_record
